{"/Users/isaac/Desktop/stack_o/stackoverflow/src/app.ts": {"path":"/Users/isaac/Desktop/stack_o/stackoverflow/src/app.ts","statementMap":{"0":{"start":{"line":1,"column":0},"end":{"line":1,"column":30}},"1":{"start":{"line":2,"column":0},"end":{"line":2,"column":24}},"2":{"start":{"line":3,"column":0},"end":{"line":3,"column":37}},"3":{"start":{"line":4,"column":0},"end":{"line":4,"column":28}},"4":{"start":{"line":5,"column":0},"end":{"line":5,"column":48}},"5":{"start":{"line":6,"column":0},"end":{"line":6,"column":37}},"6":{"start":{"line":7,"column":0},"end":{"line":7,"column":60}},"7":{"start":{"line":9,"column":12},"end":{"line":9,"column":21}},"8":{"start":{"line":11,"column":0},"end":{"line":11,"column":16}},"9":{"start":{"line":12,"column":0},"end":{"line":12,"column":27}},"10":{"start":{"line":13,"column":0},"end":{"line":13,"column":52}},"11":{"start":{"line":14,"column":0},"end":{"line":18,"column":2}},"12":{"start":{"line":19,"column":0},"end":{"line":19,"column":23}},"13":{"start":{"line":21,"column":0},"end":{"line":29,"column":3}},"14":{"start":{"line":22,"column":2},"end":{"line":28,"column":5}},"15":{"start":{"line":30,"column":0},"end":{"line":30,"column":22}},"16":{"start":{"line":32,"column":0},"end":{"line":32,"column":19}}},"fnMap":{"0":{"name":"(anonymous_1)","decl":{"start":{"line":21,"column":8},"end":{"line":21,"column":9}},"loc":{"start":{"line":21,"column":34},"end":{"line":29,"column":1}}}},"branchMap":{},"s":{"0":0,"1":0,"2":0,"3":0,"4":0,"5":0,"6":0,"7":0,"8":0,"9":0,"10":0,"11":0,"12":0,"13":0,"14":0,"15":0,"16":0},"f":{"0":0},"b":{}}
,"/Users/isaac/Desktop/stack_o/stackoverflow/src/server.ts": {"path":"/Users/isaac/Desktop/stack_o/stackoverflow/src/server.ts","statementMap":{"0":{"start":{"line":1,"column":0},"end":{"line":1,"column":52}},"1":{"start":{"line":2,"column":0},"end":{"line":2,"column":24}},"2":{"start":{"line":3,"column":0},"end":{"line":3,"column":45}},"3":{"start":{"line":4,"column":0},"end":{"line":4,"column":54}},"4":{"start":{"line":6,"column":0},"end":{"line":8,"column":3}},"5":{"start":{"line":7,"column":2},"end":{"line":7,"column":43}},"6":{"start":{"line":10,"column":20},"end":{"line":18,"column":2}},"7":{"start":{"line":10,"column":46},"end":{"line":18,"column":2}},"8":{"start":{"line":11,"column":2},"end":{"line":17,"column":5}},"9":{"start":{"line":12,"column":4},"end":{"line":16,"column":11}},"10":{"start":{"line":20,"column":0},"end":{"line":20,"column":14}}},"fnMap":{"0":{"name":"(anonymous_8)","decl":{"start":{"line":6,"column":22},"end":{"line":6,"column":25}},"loc":{"start":{"line":6,"column":27},"end":{"line":8,"column":1}}},"1":{"name":"(anonymous_9)","decl":{"start":{"line":10,"column":20},"end":{"line":10,"column":44}},"loc":{"start":{"line":10,"column":46},"end":{"line":18,"column":2}}},"2":{"name":"(anonymous_10)","decl":{"start":{"line":10,"column":46},"end":{"line":10,"column":null}},"loc":{"start":{"line":10,"column":46},"end":{"line":18,"column":1}}},"3":{"name":"(anonymous_11)","decl":{"start":{"line":11,"column":27},"end":{"line":11,"column":30}},"loc":{"start":{"line":11,"column":32},"end":{"line":17,"column":3}}}},"branchMap":{},"s":{"0":0,"1":0,"2":0,"3":0,"4":0,"5":0,"6":0,"7":0,"8":0,"9":0,"10":0},"f":{"0":0,"1":0,"2":0,"3":0},"b":{}}
,"/Users/isaac/Desktop/stack_o/stackoverflow/src/api/Route/answer.ts": {"path":"/Users/isaac/Desktop/stack_o/stackoverflow/src/api/Route/answer.ts","statementMap":{"0":{"start":{"line":1,"column":0},"end":{"line":1,"column":33}},"1":{"start":{"line":2,"column":0},"end":{"line":2,"column":60}},"2":{"start":{"line":3,"column":0},"end":{"line":3,"column":58}},"3":{"start":{"line":5,"column":15},"end":{"line":5,"column":23}},"4":{"start":{"line":12,"column":19},"end":{"line":12,"column":31}},"5":{"start":{"line":7,"column":0},"end":{"line":7,"column":71}},"6":{"start":{"line":8,"column":0},"end":{"line":8,"column":75}},"7":{"start":{"line":9,"column":0},"end":{"line":9,"column":68}},"8":{"start":{"line":10,"column":0},"end":{"line":10,"column":71}}},"fnMap":{},"branchMap":{},"s":{"0":0,"1":0,"2":0,"3":0,"4":0,"5":0,"6":0,"7":0,"8":0},"f":{},"b":{}}
,"/Users/isaac/Desktop/stack_o/stackoverflow/src/api/Route/index.ts": {"path":"/Users/isaac/Desktop/stack_o/stackoverflow/src/api/Route/index.ts","statementMap":{"0":{"start":{"line":1,"column":0},"end":{"line":1,"column":52}},"1":{"start":{"line":2,"column":0},"end":{"line":2,"column":36}},"2":{"start":{"line":3,"column":0},"end":{"line":3,"column":42}},"3":{"start":{"line":4,"column":0},"end":{"line":4,"column":44}},"4":{"start":{"line":5,"column":0},"end":{"line":5,"column":40}},"5":{"start":{"line":6,"column":0},"end":{"line":6,"column":40}},"6":{"start":{"line":7,"column":0},"end":{"line":7,"column":36}},"7":{"start":{"line":9,"column":22},"end":{"line":23,"column":1}},"8":{"start":{"line":10,"column":17},"end":{"line":10,"column":25}},"9":{"start":{"line":11,"column":2},"end":{"line":13,"column":5}},"10":{"start":{"line":12,"column":4},"end":{"line":12,"column":42}},"11":{"start":{"line":15,"column":2},"end":{"line":15,"column":39}},"12":{"start":{"line":16,"column":2},"end":{"line":16,"column":49}},"13":{"start":{"line":17,"column":2},"end":{"line":17,"column":47}},"14":{"start":{"line":18,"column":2},"end":{"line":18,"column":43}},"15":{"start":{"line":19,"column":2},"end":{"line":19,"column":42}},"16":{"start":{"line":20,"column":2},"end":{"line":20,"column":38}},"17":{"start":{"line":22,"column":2},"end":{"line":22,"column":16}},"18":{"start":{"line":9,"column":13},"end":{"line":9,"column":22}}},"fnMap":{"0":{"name":"(anonymous_0)","decl":{"start":{"line":9,"column":22},"end":{"line":9,"column":33}},"loc":{"start":{"line":9,"column":35},"end":{"line":23,"column":1}}},"1":{"name":"(anonymous_1)","decl":{"start":{"line":11,"column":18},"end":{"line":11,"column":19}},"loc":{"start":{"line":11,"column":51},"end":{"line":13,"column":3}}}},"branchMap":{},"s":{"0":0,"1":0,"2":0,"3":0,"4":0,"5":0,"6":0,"7":0,"8":0,"9":0,"10":0,"11":0,"12":0,"13":0,"14":0,"15":0,"16":0,"17":0,"18":0},"f":{"0":0,"1":0},"b":{}}
,"/Users/isaac/Desktop/stack_o/stackoverflow/src/api/Route/profile.ts": {"path":"/Users/isaac/Desktop/stack_o/stackoverflow/src/api/Route/profile.ts","statementMap":{"0":{"start":{"line":1,"column":0},"end":{"line":1,"column":33}},"1":{"start":{"line":2,"column":0},"end":{"line":2,"column":61}},"2":{"start":{"line":3,"column":0},"end":{"line":3,"column":58}},"3":{"start":{"line":5,"column":15},"end":{"line":5,"column":23}},"4":{"start":{"line":10,"column":19},"end":{"line":10,"column":32}},"5":{"start":{"line":7,"column":0},"end":{"line":7,"column":63}},"6":{"start":{"line":8,"column":0},"end":{"line":8,"column":67}}},"fnMap":{},"branchMap":{},"s":{"0":0,"1":0,"2":0,"3":0,"4":0,"5":0,"6":0},"f":{},"b":{}}
,"/Users/isaac/Desktop/stack_o/stackoverflow/src/api/Route/question.ts": {"path":"/Users/isaac/Desktop/stack_o/stackoverflow/src/api/Route/question.ts","statementMap":{"0":{"start":{"line":1,"column":0},"end":{"line":1,"column":33}},"1":{"start":{"line":2,"column":0},"end":{"line":2,"column":62}},"2":{"start":{"line":3,"column":0},"end":{"line":3,"column":58}},"3":{"start":{"line":5,"column":15},"end":{"line":5,"column":23}},"4":{"start":{"line":11,"column":19},"end":{"line":11,"column":33}},"5":{"start":{"line":7,"column":0},"end":{"line":7,"column":62}},"6":{"start":{"line":8,"column":0},"end":{"line":8,"column":72}},"7":{"start":{"line":9,"column":0},"end":{"line":9,"column":75}}},"fnMap":{},"branchMap":{},"s":{"0":0,"1":0,"2":0,"3":0,"4":0,"5":0,"6":0,"7":0},"f":{},"b":{}}
,"/Users/isaac/Desktop/stack_o/stackoverflow/src/api/Route/search.ts": {"path":"/Users/isaac/Desktop/stack_o/stackoverflow/src/api/Route/search.ts","statementMap":{"0":{"start":{"line":1,"column":0},"end":{"line":1,"column":33}},"1":{"start":{"line":2,"column":0},"end":{"line":2,"column":60}},"2":{"start":{"line":4,"column":15},"end":{"line":4,"column":23}},"3":{"start":{"line":8,"column":19},"end":{"line":8,"column":31}},"4":{"start":{"line":6,"column":0},"end":{"line":6,"column":55}}},"fnMap":{},"branchMap":{},"s":{"0":0,"1":0,"2":0,"3":0,"4":0},"f":{},"b":{}}
,"/Users/isaac/Desktop/stack_o/stackoverflow/src/api/Route/tag.ts": {"path":"/Users/isaac/Desktop/stack_o/stackoverflow/src/api/Route/tag.ts","statementMap":{"0":{"start":{"line":1,"column":0},"end":{"line":1,"column":33}},"1":{"start":{"line":2,"column":0},"end":{"line":2,"column":62}},"2":{"start":{"line":3,"column":0},"end":{"line":3,"column":58}},"3":{"start":{"line":5,"column":15},"end":{"line":5,"column":23}},"4":{"start":{"line":11,"column":19},"end":{"line":11,"column":28}},"5":{"start":{"line":7,"column":0},"end":{"line":7,"column":62}},"6":{"start":{"line":8,"column":0},"end":{"line":8,"column":72}},"7":{"start":{"line":9,"column":0},"end":{"line":9,"column":75}}},"fnMap":{},"branchMap":{},"s":{"0":0,"1":0,"2":0,"3":0,"4":0,"5":0,"6":0,"7":0},"f":{},"b":{}}
,"/Users/isaac/Desktop/stack_o/stackoverflow/src/api/Route/user.ts": {"path":"/Users/isaac/Desktop/stack_o/stackoverflow/src/api/Route/user.ts","statementMap":{"0":{"start":{"line":1,"column":0},"end":{"line":1,"column":33}},"1":{"start":{"line":2,"column":0},"end":{"line":2,"column":58}},"2":{"start":{"line":4,"column":15},"end":{"line":4,"column":23}},"3":{"start":{"line":9,"column":19},"end":{"line":9,"column":29}},"4":{"start":{"line":6,"column":0},"end":{"line":6,"column":46}},"5":{"start":{"line":7,"column":0},"end":{"line":7,"column":48}}},"fnMap":{},"branchMap":{},"s":{"0":0,"1":0,"2":0,"3":0,"4":0,"5":0},"f":{},"b":{}}
,"/Users/isaac/Desktop/stack_o/stackoverflow/src/api/Route/vote.ts": {"path":"/Users/isaac/Desktop/stack_o/stackoverflow/src/api/Route/vote.ts","statementMap":{"0":{"start":{"line":1,"column":0},"end":{"line":1,"column":33}},"1":{"start":{"line":2,"column":0},"end":{"line":2,"column":58}},"2":{"start":{"line":3,"column":0},"end":{"line":3,"column":58}},"3":{"start":{"line":5,"column":15},"end":{"line":5,"column":23}},"4":{"start":{"line":9,"column":19},"end":{"line":9,"column":29}},"5":{"start":{"line":7,"column":0},"end":{"line":7,"column":52}}},"fnMap":{},"branchMap":{},"s":{"0":0,"1":0,"2":0,"3":0,"4":0,"5":0},"f":{},"b":{}}
,"/Users/isaac/Desktop/stack_o/stackoverflow/src/api/middleware/authenticate.ts": {"path":"/Users/isaac/Desktop/stack_o/stackoverflow/src/api/middleware/authenticate.ts","statementMap":{"0":{"start":{"line":2,"column":0},"end":{"line":2,"column":31}},"1":{"start":{"line":3,"column":0},"end":{"line":3,"column":70}},"2":{"start":{"line":4,"column":0},"end":{"line":4,"column":47}},"3":{"start":{"line":5,"column":0},"end":{"line":5,"column":56}},"4":{"start":{"line":14,"column":28},"end":{"line":48,"column":2}},"5":{"start":{"line":18,"column":4},"end":{"line":48,"column":2}},"6":{"start":{"line":19,"column":2},"end":{"line":47,"column":null}},"7":{"start":{"line":20,"column":16},"end":{"line":20,"column":43}},"8":{"start":{"line":22,"column":2},"end":{"line":29,"column":null}},"9":{"start":{"line":23,"column":18},"end":{"line":23,"column":48}},"10":{"start":{"line":24,"column":31},"end":{"line":26,"column":null}},"11":{"start":{"line":28,"column":4},"end":{"line":28,"column":29}},"12":{"start":{"line":30,"column":25},"end":{"line":32,"column":null}},"13":{"start":{"line":34,"column":17},"end":{"line":34,"column":76}},"14":{"start":{"line":35,"column":4},"end":{"line":42,"column":null}},"15":{"start":{"line":36,"column":20},"end":{"line":36,"column":50}},"16":{"start":{"line":37,"column":33},"end":{"line":39,"column":null}},"17":{"start":{"line":41,"column":6},"end":{"line":41,"column":31}},"18":{"start":{"line":43,"column":4},"end":{"line":43,"column":27}},"19":{"start":{"line":44,"column":4},"end":{"line":44,"column":11}},"20":{"start":{"line":46,"column":4},"end":{"line":46,"column":16}},"21":{"start":{"line":14,"column":13},"end":{"line":14,"column":28}}},"fnMap":{"0":{"name":"(anonymous_8)","decl":{"start":{"line":14,"column":28},"end":{"line":14,"column":null}},"loc":{"start":{"line":18,"column":4},"end":{"line":48,"column":2}}},"1":{"name":"(anonymous_9)","decl":{"start":{"line":18,"column":4},"end":{"line":18,"column":null}},"loc":{"start":{"line":18,"column":4},"end":{"line":48,"column":1}}}},"branchMap":{"0":{"loc":{"start":{"line":22,"column":2},"end":{"line":29,"column":null}},"type":"if","locations":[{"start":{"line":22,"column":2},"end":{"line":29,"column":null}}]},"1":{"loc":{"start":{"line":35,"column":4},"end":{"line":42,"column":null}},"type":"if","locations":[{"start":{"line":35,"column":4},"end":{"line":42,"column":null}}]}},"s":{"0":0,"1":0,"2":0,"3":0,"4":0,"5":0,"6":0,"7":0,"8":0,"9":0,"10":0,"11":0,"12":0,"13":0,"14":0,"15":0,"16":0,"17":0,"18":0,"19":0,"20":0,"21":0},"f":{"0":0,"1":0},"b":{"0":[0],"1":[0]}}
,"/Users/isaac/Desktop/stack_o/stackoverflow/src/api/middleware/handleError.ts": {"path":"/Users/isaac/Desktop/stack_o/stackoverflow/src/api/middleware/handleError.ts","statementMap":{"0":{"start":{"line":2,"column":0},"end":{"line":2,"column":44}},"1":{"start":{"line":3,"column":0},"end":{"line":3,"column":56}},"2":{"start":{"line":4,"column":0},"end":{"line":4,"column":49}},"3":{"start":{"line":5,"column":0},"end":{"line":5,"column":52}},"4":{"start":{"line":13,"column":2},"end":{"line":20,"column":null}},"5":{"start":{"line":14,"column":4},"end":{"line":19,"column":7}},"6":{"start":{"line":22,"column":2},"end":{"line":24,"column":null}},"7":{"start":{"line":23,"column":4},"end":{"line":23,"column":57}},"8":{"start":{"line":26,"column":2},"end":{"line":26,"column":45}},"9":{"start":{"line":27,"column":2},"end":{"line":32,"column":5}},"10":{"start":{"line":35,"column":9},"end":{"line":35,"column":21}}},"fnMap":{"0":{"name":"handleErrors","decl":{"start":{"line":7,"column":9},"end":{"line":7,"column":21}},"loc":{"start":{"line":11,"column":21},"end":{"line":33,"column":1}}}},"branchMap":{"0":{"loc":{"start":{"line":13,"column":2},"end":{"line":20,"column":null}},"type":"if","locations":[{"start":{"line":13,"column":2},"end":{"line":20,"column":null}}]},"1":{"loc":{"start":{"line":18,"column":12},"end":{"line":18,"column":50}},"type":"cond-expr","locations":[{"start":{"line":18,"column":26},"end":{"line":18,"column":45}},{"start":{"line":18,"column":48},"end":{"line":18,"column":50}}]},"2":{"loc":{"start":{"line":18,"column":26},"end":{"line":18,"column":45}},"type":"binary-expr","locations":[{"start":{"line":18,"column":26},"end":{"line":18,"column":39}},{"start":{"line":18,"column":43},"end":{"line":18,"column":45}}]},"3":{"loc":{"start":{"line":22,"column":2},"end":{"line":24,"column":null}},"type":"if","locations":[{"start":{"line":22,"column":2},"end":{"line":24,"column":null}}]}},"s":{"0":0,"1":0,"2":0,"3":0,"4":0,"5":0,"6":0,"7":0,"8":0,"9":0,"10":0},"f":{"0":0},"b":{"0":[0],"1":[0,0],"2":[0,0],"3":[0]}}
,"/Users/isaac/Desktop/stack_o/stackoverflow/src/api/requestHandlers/profile.ts": {"path":"/Users/isaac/Desktop/stack_o/stackoverflow/src/api/requestHandlers/profile.ts","statementMap":{"0":{"start":{"line":2,"column":0},"end":{"line":2,"column":63}},"1":{"start":{"line":3,"column":0},"end":{"line":3,"column":68}},"2":{"start":{"line":4,"column":0},"end":{"line":4,"column":83}},"3":{"start":{"line":5,"column":0},"end":{"line":5,"column":64}},"4":{"start":{"line":7,"column":42},"end":{"line":23,"column":2}},"5":{"start":{"line":11,"column":19},"end":{"line":23,"column":2}},"6":{"start":{"line":12,"column":2},"end":{"line":22,"column":null}},"7":{"start":{"line":13,"column":31},"end":{"line":13,"column":66}},"8":{"start":{"line":14,"column":21},"end":{"line":16,"column":null}},"9":{"start":{"line":19,"column":4},"end":{"line":19,"column":68}},"10":{"start":{"line":21,"column":4},"end":{"line":21,"column":16}},"11":{"start":{"line":7,"column":13},"end":{"line":7,"column":42}},"12":{"start":{"line":25,"column":43},"end":{"line":39,"column":2}},"13":{"start":{"line":29,"column":19},"end":{"line":39,"column":2}},"14":{"start":{"line":30,"column":2},"end":{"line":38,"column":null}},"15":{"start":{"line":31,"column":21},"end":{"line":32,"column":null}},"16":{"start":{"line":35,"column":4},"end":{"line":35,"column":69}},"17":{"start":{"line":37,"column":4},"end":{"line":37,"column":16}},"18":{"start":{"line":25,"column":13},"end":{"line":25,"column":43}}},"fnMap":{"0":{"name":"(anonymous_13)","decl":{"start":{"line":7,"column":42},"end":{"line":7,"column":null}},"loc":{"start":{"line":11,"column":19},"end":{"line":23,"column":2}}},"1":{"name":"(anonymous_14)","decl":{"start":{"line":11,"column":19},"end":{"line":11,"column":null}},"loc":{"start":{"line":11,"column":19},"end":{"line":23,"column":1}}},"2":{"name":"(anonymous_15)","decl":{"start":{"line":25,"column":43},"end":{"line":25,"column":null}},"loc":{"start":{"line":29,"column":19},"end":{"line":39,"column":2}}},"3":{"name":"(anonymous_16)","decl":{"start":{"line":29,"column":19},"end":{"line":29,"column":null}},"loc":{"start":{"line":29,"column":19},"end":{"line":39,"column":1}}}},"branchMap":{},"s":{"0":0,"1":0,"2":0,"3":0,"4":0,"5":0,"6":0,"7":0,"8":0,"9":0,"10":0,"11":0,"12":0,"13":0,"14":0,"15":0,"16":0,"17":0,"18":0},"f":{"0":0,"1":0,"2":0,"3":0},"b":{}}
,"/Users/isaac/Desktop/stack_o/stackoverflow/src/api/requestHandlers/question.ts": {"path":"/Users/isaac/Desktop/stack_o/stackoverflow/src/api/requestHandlers/question.ts","statementMap":{"0":{"start":{"line":2,"column":0},"end":{"line":2,"column":63}},"1":{"start":{"line":3,"column":0},"end":{"line":3,"column":70}},"2":{"start":{"line":4,"column":0},"end":{"line":4,"column":null}},"3":{"start":{"line":8,"column":0},"end":{"line":8,"column":64}},"4":{"start":{"line":10,"column":46},"end":{"line":26,"column":2}},"5":{"start":{"line":14,"column":19},"end":{"line":26,"column":2}},"6":{"start":{"line":15,"column":2},"end":{"line":25,"column":null}},"7":{"start":{"line":16,"column":33},"end":{"line":16,"column":67}},"8":{"start":{"line":17,"column":21},"end":{"line":19,"column":null}},"9":{"start":{"line":22,"column":4},"end":{"line":22,"column":74}},"10":{"start":{"line":24,"column":4},"end":{"line":24,"column":16}},"11":{"start":{"line":10,"column":13},"end":{"line":10,"column":46}},"12":{"start":{"line":28,"column":45},"end":{"line":43,"column":2}},"13":{"start":{"line":32,"column":19},"end":{"line":43,"column":2}},"14":{"start":{"line":33,"column":2},"end":{"line":42,"column":null}},"15":{"start":{"line":34,"column":30},"end":{"line":34,"column":64}},"16":{"start":{"line":37,"column":6},"end":{"line":37,"column":70}},"17":{"start":{"line":39,"column":4},"end":{"line":39,"column":71}},"18":{"start":{"line":41,"column":4},"end":{"line":41,"column":16}},"19":{"start":{"line":28,"column":13},"end":{"line":28,"column":45}},"20":{"start":{"line":45,"column":46},"end":{"line":59,"column":2}},"21":{"start":{"line":49,"column":19},"end":{"line":59,"column":2}},"22":{"start":{"line":50,"column":2},"end":{"line":58,"column":null}},"23":{"start":{"line":51,"column":21},"end":{"line":52,"column":null}},"24":{"start":{"line":55,"column":4},"end":{"line":55,"column":72}},"25":{"start":{"line":57,"column":4},"end":{"line":57,"column":16}},"26":{"start":{"line":45,"column":13},"end":{"line":45,"column":46}}},"fnMap":{"0":{"name":"(anonymous_13)","decl":{"start":{"line":10,"column":46},"end":{"line":10,"column":null}},"loc":{"start":{"line":14,"column":19},"end":{"line":26,"column":2}}},"1":{"name":"(anonymous_14)","decl":{"start":{"line":14,"column":19},"end":{"line":14,"column":null}},"loc":{"start":{"line":14,"column":19},"end":{"line":26,"column":1}}},"2":{"name":"(anonymous_15)","decl":{"start":{"line":28,"column":45},"end":{"line":28,"column":null}},"loc":{"start":{"line":32,"column":19},"end":{"line":43,"column":2}}},"3":{"name":"(anonymous_16)","decl":{"start":{"line":32,"column":19},"end":{"line":32,"column":null}},"loc":{"start":{"line":32,"column":19},"end":{"line":43,"column":1}}},"4":{"name":"(anonymous_17)","decl":{"start":{"line":45,"column":46},"end":{"line":45,"column":null}},"loc":{"start":{"line":49,"column":19},"end":{"line":59,"column":2}}},"5":{"name":"(anonymous_18)","decl":{"start":{"line":49,"column":19},"end":{"line":49,"column":null}},"loc":{"start":{"line":49,"column":19},"end":{"line":59,"column":1}}}},"branchMap":{},"s":{"0":0,"1":0,"2":0,"3":0,"4":0,"5":0,"6":0,"7":0,"8":0,"9":0,"10":0,"11":0,"12":0,"13":0,"14":0,"15":0,"16":0,"17":0,"18":0,"19":0,"20":0,"21":0,"22":0,"23":0,"24":0,"25":0,"26":0},"f":{"0":0,"1":0,"2":0,"3":0,"4":0,"5":0},"b":{}}
,"/Users/isaac/Desktop/stack_o/stackoverflow/src/api/requestHandlers/search.ts": {"path":"/Users/isaac/Desktop/stack_o/stackoverflow/src/api/requestHandlers/search.ts","statementMap":{"0":{"start":{"line":2,"column":0},"end":{"line":2,"column":63}},"1":{"start":{"line":3,"column":0},"end":{"line":3,"column":66}},"2":{"start":{"line":4,"column":0},"end":{"line":4,"column":64}},"3":{"start":{"line":5,"column":0},"end":{"line":5,"column":76}},"4":{"start":{"line":7,"column":54},"end":{"line":25,"column":2}},"5":{"start":{"line":11,"column":19},"end":{"line":25,"column":2}},"6":{"start":{"line":12,"column":2},"end":{"line":24,"column":null}},"7":{"start":{"line":13,"column":32},"end":{"line":13,"column":70}},"8":{"start":{"line":15,"column":6},"end":{"line":15,"column":77}},"9":{"start":{"line":17,"column":4},"end":{"line":19,"column":null}},"10":{"start":{"line":18,"column":6},"end":{"line":18,"column":70}},"11":{"start":{"line":21,"column":4},"end":{"line":21,"column":64}},"12":{"start":{"line":23,"column":4},"end":{"line":23,"column":16}},"13":{"start":{"line":7,"column":13},"end":{"line":7,"column":54}}},"fnMap":{"0":{"name":"(anonymous_13)","decl":{"start":{"line":7,"column":54},"end":{"line":7,"column":null}},"loc":{"start":{"line":11,"column":19},"end":{"line":25,"column":2}}},"1":{"name":"(anonymous_14)","decl":{"start":{"line":11,"column":19},"end":{"line":11,"column":null}},"loc":{"start":{"line":11,"column":19},"end":{"line":25,"column":1}}}},"branchMap":{"0":{"loc":{"start":{"line":17,"column":4},"end":{"line":19,"column":null}},"type":"if","locations":[{"start":{"line":17,"column":4},"end":{"line":19,"column":null}}]},"1":{"loc":{"start":{"line":17,"column":8},"end":{"line":17,"column":64}},"type":"binary-expr","locations":[{"start":{"line":17,"column":8},"end":{"line":17,"column":33}},{"start":{"line":17,"column":37},"end":{"line":17,"column":64}}]}},"s":{"0":0,"1":0,"2":0,"3":0,"4":0,"5":0,"6":0,"7":0,"8":0,"9":0,"10":0,"11":0,"12":0,"13":0},"f":{"0":0,"1":0},"b":{"0":[0],"1":[0,0]}}
,"/Users/isaac/Desktop/stack_o/stackoverflow/src/api/requestHandlers/tag.ts": {"path":"/Users/isaac/Desktop/stack_o/stackoverflow/src/api/requestHandlers/tag.ts","statementMap":{"0":{"start":{"line":2,"column":0},"end":{"line":2,"column":63}},"1":{"start":{"line":3,"column":0},"end":{"line":3,"column":60}},"2":{"start":{"line":4,"column":0},"end":{"line":4,"column":64}},"3":{"start":{"line":5,"column":0},"end":{"line":5,"column":68}},"4":{"start":{"line":7,"column":38},"end":{"line":15,"column":2}},"5":{"start":{"line":7,"column":78},"end":{"line":15,"column":2}},"6":{"start":{"line":8,"column":2},"end":{"line":14,"column":null}},"7":{"start":{"line":9,"column":21},"end":{"line":9,"column":74}},"8":{"start":{"line":11,"column":4},"end":{"line":11,"column":64}},"9":{"start":{"line":13,"column":4},"end":{"line":13,"column":16}},"10":{"start":{"line":7,"column":13},"end":{"line":7,"column":38}},"11":{"start":{"line":17,"column":41},"end":{"line":33,"column":2}},"12":{"start":{"line":21,"column":19},"end":{"line":33,"column":2}},"13":{"start":{"line":22,"column":2},"end":{"line":32,"column":null}},"14":{"start":{"line":23,"column":32},"end":{"line":23,"column":64}},"15":{"start":{"line":24,"column":21},"end":{"line":26,"column":null}},"16":{"start":{"line":29,"column":4},"end":{"line":29,"column":67}},"17":{"start":{"line":31,"column":4},"end":{"line":31,"column":16}},"18":{"start":{"line":17,"column":13},"end":{"line":17,"column":41}}},"fnMap":{"0":{"name":"(anonymous_13)","decl":{"start":{"line":7,"column":38},"end":{"line":7,"column":45}},"loc":{"start":{"line":7,"column":78},"end":{"line":15,"column":2}}},"1":{"name":"(anonymous_14)","decl":{"start":{"line":7,"column":78},"end":{"line":7,"column":null}},"loc":{"start":{"line":7,"column":78},"end":{"line":15,"column":1}}},"2":{"name":"(anonymous_15)","decl":{"start":{"line":17,"column":41},"end":{"line":17,"column":null}},"loc":{"start":{"line":21,"column":19},"end":{"line":33,"column":2}}},"3":{"name":"(anonymous_16)","decl":{"start":{"line":21,"column":19},"end":{"line":21,"column":null}},"loc":{"start":{"line":21,"column":19},"end":{"line":33,"column":1}}}},"branchMap":{},"s":{"0":0,"1":0,"2":0,"3":0,"4":0,"5":0,"6":0,"7":0,"8":0,"9":0,"10":0,"11":0,"12":0,"13":0,"14":0,"15":0,"16":0,"17":0,"18":0},"f":{"0":0,"1":0,"2":0,"3":0},"b":{}}
,"/Users/isaac/Desktop/stack_o/stackoverflow/src/api/requestHandlers/user.ts": {"path":"/Users/isaac/Desktop/stack_o/stackoverflow/src/api/requestHandlers/user.ts","statementMap":{"0":{"start":{"line":2,"column":0},"end":{"line":2,"column":63}},"1":{"start":{"line":3,"column":0},"end":{"line":3,"column":62}},"2":{"start":{"line":4,"column":0},"end":{"line":4,"column":null}},"3":{"start":{"line":8,"column":0},"end":{"line":8,"column":64}},"4":{"start":{"line":10,"column":44},"end":{"line":24,"column":2}},"5":{"start":{"line":14,"column":19},"end":{"line":24,"column":2}},"6":{"start":{"line":15,"column":2},"end":{"line":23,"column":null}},"7":{"start":{"line":16,"column":29},"end":{"line":16,"column":63}},"8":{"start":{"line":18,"column":6},"end":{"line":18,"column":68}},"9":{"start":{"line":20,"column":4},"end":{"line":20,"column":80}},"10":{"start":{"line":22,"column":4},"end":{"line":22,"column":16}},"11":{"start":{"line":10,"column":13},"end":{"line":10,"column":44}},"12":{"start":{"line":26,"column":41},"end":{"line":39,"column":2}},"13":{"start":{"line":30,"column":19},"end":{"line":39,"column":2}},"14":{"start":{"line":31,"column":2},"end":{"line":38,"column":null}},"15":{"start":{"line":32,"column":30},"end":{"line":32,"column":53}},"16":{"start":{"line":33,"column":21},"end":{"line":33,"column":77}},"17":{"start":{"line":35,"column":4},"end":{"line":35,"column":73}},"18":{"start":{"line":37,"column":4},"end":{"line":37,"column":16}},"19":{"start":{"line":26,"column":13},"end":{"line":26,"column":41}}},"fnMap":{"0":{"name":"(anonymous_13)","decl":{"start":{"line":10,"column":44},"end":{"line":10,"column":null}},"loc":{"start":{"line":14,"column":19},"end":{"line":24,"column":2}}},"1":{"name":"(anonymous_14)","decl":{"start":{"line":14,"column":19},"end":{"line":14,"column":null}},"loc":{"start":{"line":14,"column":19},"end":{"line":24,"column":1}}},"2":{"name":"(anonymous_15)","decl":{"start":{"line":26,"column":41},"end":{"line":26,"column":null}},"loc":{"start":{"line":30,"column":19},"end":{"line":39,"column":2}}},"3":{"name":"(anonymous_16)","decl":{"start":{"line":30,"column":19},"end":{"line":30,"column":null}},"loc":{"start":{"line":30,"column":19},"end":{"line":39,"column":1}}}},"branchMap":{},"s":{"0":0,"1":0,"2":0,"3":0,"4":0,"5":0,"6":0,"7":0,"8":0,"9":0,"10":0,"11":0,"12":0,"13":0,"14":0,"15":0,"16":0,"17":0,"18":0,"19":0},"f":{"0":0,"1":0,"2":0,"3":0},"b":{}}
,"/Users/isaac/Desktop/stack_o/stackoverflow/src/api/requestHandlers/vote.ts": {"path":"/Users/isaac/Desktop/stack_o/stackoverflow/src/api/requestHandlers/vote.ts","statementMap":{"0":{"start":{"line":2,"column":0},"end":{"line":2,"column":63}},"1":{"start":{"line":3,"column":0},"end":{"line":3,"column":62}},"2":{"start":{"line":4,"column":0},"end":{"line":4,"column":64}},"3":{"start":{"line":6,"column":36},"end":{"line":17,"column":2}},"4":{"start":{"line":6,"column":76},"end":{"line":17,"column":2}},"5":{"start":{"line":7,"column":2},"end":{"line":16,"column":null}},"6":{"start":{"line":8,"column":21},"end":{"line":10,"column":null}},"7":{"start":{"line":13,"column":4},"end":{"line":13,"column":62}},"8":{"start":{"line":15,"column":4},"end":{"line":15,"column":16}},"9":{"start":{"line":6,"column":13},"end":{"line":6,"column":36}}},"fnMap":{"0":{"name":"(anonymous_13)","decl":{"start":{"line":6,"column":36},"end":{"line":6,"column":43}},"loc":{"start":{"line":6,"column":76},"end":{"line":17,"column":2}}},"1":{"name":"(anonymous_14)","decl":{"start":{"line":6,"column":76},"end":{"line":6,"column":null}},"loc":{"start":{"line":6,"column":76},"end":{"line":17,"column":1}}}},"branchMap":{},"s":{"0":0,"1":0,"2":0,"3":0,"4":0,"5":0,"6":0,"7":0,"8":0,"9":0},"f":{"0":0,"1":0},"b":{}}
,"/Users/isaac/Desktop/stack_o/stackoverflow/src/core/config/application.ts": {"path":"/Users/isaac/Desktop/stack_o/stackoverflow/src/core/config/application.ts","statementMap":{"0":{"start":{"line":1,"column":0},"end":{"line":1,"column":28}},"1":{"start":{"line":2,"column":0},"end":{"line":2,"column":16}},"2":{"start":{"line":4,"column":13},"end":{"line":7,"column":2}}},"fnMap":{},"branchMap":{},"s":{"0":1,"1":1,"2":1},"f":{},"b":{}}
,"/Users/isaac/Desktop/stack_o/stackoverflow/src/core/constant/errors.ts": {"path":"/Users/isaac/Desktop/stack_o/stackoverflow/src/core/constant/errors.ts","statementMap":{"0":{"start":{"line":1,"column":0},"end":{"line":1,"column":null}},"1":{"start":{"line":2,"column":2},"end":{"line":2,"column":null}},"2":{"start":{"line":3,"column":2},"end":{"line":3,"column":null}},"3":{"start":{"line":4,"column":2},"end":{"line":4,"column":null}},"4":{"start":{"line":5,"column":2},"end":{"line":5,"column":null}},"5":{"start":{"line":6,"column":2},"end":{"line":6,"column":null}},"6":{"start":{"line":7,"column":2},"end":{"line":7,"column":null}},"7":{"start":{"line":8,"column":2},"end":{"line":8,"column":null}},"8":{"start":{"line":9,"column":2},"end":{"line":9,"column":null}},"9":{"start":{"line":10,"column":2},"end":{"line":10,"column":null}},"10":{"start":{"line":11,"column":2},"end":{"line":11,"column":null}}},"fnMap":{"0":{"name":"(anonymous_0)","decl":{"start":{"line":1,"column":0},"end":{"line":1,"column":12}},"loc":{"start":{"line":1,"column":18},"end":{"line":12,"column":1}}}},"branchMap":{"0":{"loc":{"start":{"line":1,"column":12},"end":{"line":1,"column":null}},"type":"binary-expr","locations":[{"start":{"line":1,"column":12},"end":{"line":1,"column":18}},{"start":{"line":1,"column":18},"end":{"line":1,"column":null}}]}},"s":{"0":1,"1":1,"2":1,"3":1,"4":1,"5":1,"6":1,"7":1,"8":1,"9":1,"10":1},"f":{"0":1},"b":{"0":[1,1]}}
,"/Users/isaac/Desktop/stack_o/stackoverflow/src/core/constant/responses.ts": {"path":"/Users/isaac/Desktop/stack_o/stackoverflow/src/core/constant/responses.ts","statementMap":{"0":{"start":{"line":1,"column":0},"end":{"line":1,"column":null}},"1":{"start":{"line":2,"column":2},"end":{"line":2,"column":null}},"2":{"start":{"line":3,"column":2},"end":{"line":3,"column":null}},"3":{"start":{"line":4,"column":2},"end":{"line":4,"column":null}},"4":{"start":{"line":5,"column":2},"end":{"line":5,"column":null}},"5":{"start":{"line":6,"column":2},"end":{"line":6,"column":null}},"6":{"start":{"line":7,"column":2},"end":{"line":7,"column":null}},"7":{"start":{"line":8,"column":2},"end":{"line":8,"column":null}},"8":{"start":{"line":9,"column":2},"end":{"line":9,"column":null}},"9":{"start":{"line":10,"column":2},"end":{"line":10,"column":null}},"10":{"start":{"line":11,"column":2},"end":{"line":11,"column":null}},"11":{"start":{"line":12,"column":2},"end":{"line":12,"column":null}},"12":{"start":{"line":13,"column":2},"end":{"line":13,"column":null}},"13":{"start":{"line":14,"column":2},"end":{"line":14,"column":null}},"14":{"start":{"line":15,"column":2},"end":{"line":15,"column":null}},"15":{"start":{"line":16,"column":2},"end":{"line":16,"column":null}},"16":{"start":{"line":17,"column":2},"end":{"line":17,"column":null}},"17":{"start":{"line":18,"column":2},"end":{"line":18,"column":null}}},"fnMap":{"0":{"name":"(anonymous_0)","decl":{"start":{"line":1,"column":0},"end":{"line":1,"column":12}},"loc":{"start":{"line":1,"column":27},"end":{"line":19,"column":1}}}},"branchMap":{"0":{"loc":{"start":{"line":1,"column":12},"end":{"line":1,"column":null}},"type":"binary-expr","locations":[{"start":{"line":1,"column":12},"end":{"line":1,"column":27}},{"start":{"line":1,"column":27},"end":{"line":1,"column":null}}]}},"s":{"0":0,"1":0,"2":0,"3":0,"4":0,"5":0,"6":0,"7":0,"8":0,"9":0,"10":0,"11":0,"12":0,"13":0,"14":0,"15":0,"16":0,"17":0},"f":{"0":0},"b":{"0":[0,0]}}
,"/Users/isaac/Desktop/stack_o/stackoverflow/src/core/controllers/answer.ts": {"path":"/Users/isaac/Desktop/stack_o/stackoverflow/src/core/controllers/answer.ts","statementMap":{"0":{"start":{"line":1,"column":0},"end":{"line":1,"column":62}},"1":{"start":{"line":2,"column":0},"end":{"line":2,"column":68}},"2":{"start":{"line":7,"column":0},"end":{"line":7,"column":43}},"3":{"start":{"line":8,"column":0},"end":{"line":8,"column":46}},"4":{"start":{"line":10,"column":0},"end":{"line":10,"column":41}},"5":{"start":{"line":12,"column":29},"end":{"line":37,"column":2}},"6":{"start":{"line":16,"column":37},"end":{"line":37,"column":2}},"7":{"start":{"line":17,"column":2},"end":{"line":19,"column":null}},"8":{"start":{"line":18,"column":4},"end":{"line":18,"column":60}},"9":{"start":{"line":21,"column":24},"end":{"line":21,"column":77}},"10":{"start":{"line":23,"column":2},"end":{"line":25,"column":null}},"11":{"start":{"line":24,"column":4},"end":{"line":24,"column":64}},"12":{"start":{"line":27,"column":23},"end":{"line":31,"column":4}},"13":{"start":{"line":33,"column":2},"end":{"line":33,"column":44}},"14":{"start":{"line":34,"column":2},"end":{"line":36,"column":4}},"15":{"start":{"line":12,"column":13},"end":{"line":12,"column":29}},"16":{"start":{"line":39,"column":35},"end":{"line":60,"column":2}},"17":{"start":{"line":43,"column":37},"end":{"line":60,"column":2}},"18":{"start":{"line":44,"column":2},"end":{"line":46,"column":null}},"19":{"start":{"line":45,"column":4},"end":{"line":45,"column":60}},"20":{"start":{"line":48,"column":22},"end":{"line":48,"column":71}},"21":{"start":{"line":49,"column":2},"end":{"line":51,"column":null}},"22":{"start":{"line":50,"column":4},"end":{"line":50,"column":62}},"23":{"start":{"line":53,"column":2},"end":{"line":55,"column":null}},"24":{"start":{"line":54,"column":4},"end":{"line":54,"column":76}},"25":{"start":{"line":57,"column":24},"end":{"line":57,"column":78}},"26":{"start":{"line":59,"column":2},"end":{"line":59,"column":23}},"27":{"start":{"line":39,"column":13},"end":{"line":39,"column":35}},"28":{"start":{"line":62,"column":33},"end":{"line":83,"column":2}},"29":{"start":{"line":64,"column":23},"end":{"line":83,"column":2}},"30":{"start":{"line":65,"column":24},"end":{"line":65,"column":77}},"31":{"start":{"line":66,"column":2},"end":{"line":68,"column":null}},"32":{"start":{"line":67,"column":4},"end":{"line":67,"column":64}},"33":{"start":{"line":70,"column":31},"end":{"line":80,"column":4}},"34":{"start":{"line":82,"column":2},"end":{"line":82,"column":30}},"35":{"start":{"line":62,"column":13},"end":{"line":62,"column":33}},"36":{"start":{"line":85,"column":35},"end":{"line":107,"column":2}},"37":{"start":{"line":88,"column":4},"end":{"line":107,"column":2}},"38":{"start":{"line":89,"column":2},"end":{"line":91,"column":null}},"39":{"start":{"line":90,"column":4},"end":{"line":90,"column":60}},"40":{"start":{"line":93,"column":22},"end":{"line":93,"column":71}},"41":{"start":{"line":94,"column":2},"end":{"line":96,"column":null}},"42":{"start":{"line":95,"column":4},"end":{"line":95,"column":62}},"43":{"start":{"line":98,"column":2},"end":{"line":100,"column":null}},"44":{"start":{"line":99,"column":4},"end":{"line":99,"column":73}},"45":{"start":{"line":102,"column":2},"end":{"line":102,"column":52}},"46":{"start":{"line":104,"column":2},"end":{"line":106,"column":4}},"47":{"start":{"line":85,"column":13},"end":{"line":85,"column":35}}},"fnMap":{"0":{"name":"(anonymous_8)","decl":{"start":{"line":12,"column":29},"end":{"line":12,"column":null}},"loc":{"start":{"line":16,"column":37},"end":{"line":37,"column":2}}},"1":{"name":"(anonymous_9)","decl":{"start":{"line":16,"column":37},"end":{"line":16,"column":null}},"loc":{"start":{"line":16,"column":37},"end":{"line":37,"column":1}}},"2":{"name":"(anonymous_10)","decl":{"start":{"line":39,"column":35},"end":{"line":39,"column":null}},"loc":{"start":{"line":43,"column":37},"end":{"line":60,"column":2}}},"3":{"name":"(anonymous_11)","decl":{"start":{"line":43,"column":37},"end":{"line":43,"column":null}},"loc":{"start":{"line":43,"column":37},"end":{"line":60,"column":1}}},"4":{"name":"(anonymous_12)","decl":{"start":{"line":62,"column":33},"end":{"line":62,"column":null}},"loc":{"start":{"line":64,"column":23},"end":{"line":83,"column":2}}},"5":{"name":"(anonymous_13)","decl":{"start":{"line":64,"column":23},"end":{"line":64,"column":null}},"loc":{"start":{"line":64,"column":23},"end":{"line":83,"column":1}}},"6":{"name":"(anonymous_14)","decl":{"start":{"line":85,"column":35},"end":{"line":85,"column":null}},"loc":{"start":{"line":88,"column":4},"end":{"line":107,"column":2}}},"7":{"name":"(anonymous_15)","decl":{"start":{"line":88,"column":4},"end":{"line":88,"column":null}},"loc":{"start":{"line":88,"column":4},"end":{"line":107,"column":1}}}},"branchMap":{"0":{"loc":{"start":{"line":17,"column":2},"end":{"line":19,"column":null}},"type":"if","locations":[{"start":{"line":17,"column":2},"end":{"line":19,"column":null}}]},"1":{"loc":{"start":{"line":23,"column":2},"end":{"line":25,"column":null}},"type":"if","locations":[{"start":{"line":23,"column":2},"end":{"line":25,"column":null}}]},"2":{"loc":{"start":{"line":44,"column":2},"end":{"line":46,"column":null}},"type":"if","locations":[{"start":{"line":44,"column":2},"end":{"line":46,"column":null}}]},"3":{"loc":{"start":{"line":49,"column":2},"end":{"line":51,"column":null}},"type":"if","locations":[{"start":{"line":49,"column":2},"end":{"line":51,"column":null}}]},"4":{"loc":{"start":{"line":53,"column":2},"end":{"line":55,"column":null}},"type":"if","locations":[{"start":{"line":53,"column":2},"end":{"line":55,"column":null}}]},"5":{"loc":{"start":{"line":66,"column":2},"end":{"line":68,"column":null}},"type":"if","locations":[{"start":{"line":66,"column":2},"end":{"line":68,"column":null}}]},"6":{"loc":{"start":{"line":89,"column":2},"end":{"line":91,"column":null}},"type":"if","locations":[{"start":{"line":89,"column":2},"end":{"line":91,"column":null}}]},"7":{"loc":{"start":{"line":94,"column":2},"end":{"line":96,"column":null}},"type":"if","locations":[{"start":{"line":94,"column":2},"end":{"line":96,"column":null}}]},"8":{"loc":{"start":{"line":98,"column":2},"end":{"line":100,"column":null}},"type":"if","locations":[{"start":{"line":98,"column":2},"end":{"line":100,"column":null}}]}},"s":{"0":0,"1":0,"2":0,"3":0,"4":0,"5":0,"6":0,"7":0,"8":0,"9":0,"10":0,"11":0,"12":0,"13":0,"14":0,"15":0,"16":0,"17":0,"18":0,"19":0,"20":0,"21":0,"22":0,"23":0,"24":0,"25":0,"26":0,"27":0,"28":0,"29":0,"30":0,"31":0,"32":0,"33":0,"34":0,"35":0,"36":0,"37":0,"38":0,"39":0,"40":0,"41":0,"42":0,"43":0,"44":0,"45":0,"46":0,"47":0},"f":{"0":0,"1":0,"2":0,"3":0,"4":0,"5":0,"6":0,"7":0},"b":{"0":[0],"1":[0],"2":[0],"3":[0],"4":[0],"5":[0],"6":[0],"7":[0],"8":[0]}}
,"/Users/isaac/Desktop/stack_o/stackoverflow/src/core/controllers/profile.ts": {"path":"/Users/isaac/Desktop/stack_o/stackoverflow/src/core/controllers/profile.ts","statementMap":{"0":{"start":{"line":1,"column":0},"end":{"line":1,"column":68}},"1":{"start":{"line":3,"column":0},"end":{"line":3,"column":39}},"2":{"start":{"line":4,"column":0},"end":{"line":4,"column":45}},"3":{"start":{"line":6,"column":33},"end":{"line":23,"column":2}},"4":{"start":{"line":9,"column":37},"end":{"line":23,"column":2}},"5":{"start":{"line":10,"column":2},"end":{"line":18,"column":null}},"6":{"start":{"line":11,"column":18},"end":{"line":11,"column":40}},"7":{"start":{"line":12,"column":34},"end":{"line":15,"column":null}},"8":{"start":{"line":17,"column":4},"end":{"line":17,"column":32}},"9":{"start":{"line":20,"column":21},"end":{"line":20,"column":79}},"10":{"start":{"line":22,"column":2},"end":{"line":22,"column":20}},"11":{"start":{"line":6,"column":13},"end":{"line":6,"column":33}},"12":{"start":{"line":25,"column":30},"end":{"line":46,"column":2}},"13":{"start":{"line":27,"column":30},"end":{"line":46,"column":2}},"14":{"start":{"line":28,"column":21},"end":{"line":28,"column":62}},"15":{"start":{"line":30,"column":2},"end":{"line":32,"column":null}},"16":{"start":{"line":31,"column":4},"end":{"line":31,"column":34}},"17":{"start":{"line":33,"column":15},"end":{"line":33,"column":68}},"18":{"start":{"line":34,"column":2},"end":{"line":34,"column":69}},"19":{"start":{"line":34,"column":13},"end":{"line":34,"column":69}},"20":{"start":{"line":36,"column":34},"end":{"line":42,"column":4}},"21":{"start":{"line":44,"column":2},"end":{"line":44,"column":81}},"22":{"start":{"line":45,"column":2},"end":{"line":45,"column":16}},"23":{"start":{"line":25,"column":13},"end":{"line":25,"column":30}}},"fnMap":{"0":{"name":"(anonymous_8)","decl":{"start":{"line":6,"column":33},"end":{"line":6,"column":null}},"loc":{"start":{"line":9,"column":37},"end":{"line":23,"column":2}}},"1":{"name":"(anonymous_9)","decl":{"start":{"line":9,"column":37},"end":{"line":9,"column":null}},"loc":{"start":{"line":9,"column":37},"end":{"line":23,"column":1}}},"2":{"name":"(anonymous_10)","decl":{"start":{"line":25,"column":30},"end":{"line":25,"column":null}},"loc":{"start":{"line":27,"column":30},"end":{"line":46,"column":2}}},"3":{"name":"(anonymous_11)","decl":{"start":{"line":27,"column":30},"end":{"line":27,"column":null}},"loc":{"start":{"line":27,"column":30},"end":{"line":46,"column":1}}}},"branchMap":{"0":{"loc":{"start":{"line":10,"column":2},"end":{"line":18,"column":null}},"type":"if","locations":[{"start":{"line":10,"column":2},"end":{"line":18,"column":null}}]},"1":{"loc":{"start":{"line":30,"column":2},"end":{"line":32,"column":null}},"type":"if","locations":[{"start":{"line":30,"column":2},"end":{"line":32,"column":null}}]},"2":{"loc":{"start":{"line":34,"column":2},"end":{"line":34,"column":69}},"type":"if","locations":[{"start":{"line":34,"column":2},"end":{"line":34,"column":69}}]}},"s":{"0":0,"1":0,"2":0,"3":0,"4":0,"5":0,"6":0,"7":0,"8":0,"9":0,"10":0,"11":0,"12":0,"13":0,"14":0,"15":0,"16":0,"17":0,"18":0,"19":0,"20":0,"21":0,"22":0,"23":0},"f":{"0":0,"1":0,"2":0,"3":0},"b":{"0":[0],"1":[0],"2":[0]}}
,"/Users/isaac/Desktop/stack_o/stackoverflow/src/core/controllers/question.ts": {"path":"/Users/isaac/Desktop/stack_o/stackoverflow/src/core/controllers/question.ts","statementMap":{"0":{"start":{"line":1,"column":0},"end":{"line":1,"column":46}},"1":{"start":{"line":2,"column":0},"end":{"line":2,"column":41}},"2":{"start":{"line":9,"column":0},"end":{"line":9,"column":68}},"3":{"start":{"line":10,"column":0},"end":{"line":10,"column":37}},"4":{"start":{"line":11,"column":0},"end":{"line":11,"column":54}},"5":{"start":{"line":12,"column":0},"end":{"line":12,"column":39}},"6":{"start":{"line":13,"column":0},"end":{"line":13,"column":31}},"7":{"start":{"line":15,"column":39},"end":{"line":52,"column":2}},"8":{"start":{"line":18,"column":39},"end":{"line":52,"column":2}},"9":{"start":{"line":19,"column":2},"end":{"line":27,"column":null}},"10":{"start":{"line":20,"column":18},"end":{"line":20,"column":40}},"11":{"start":{"line":21,"column":34},"end":{"line":24,"column":null}},"12":{"start":{"line":26,"column":4},"end":{"line":26,"column":32}},"13":{"start":{"line":29,"column":22},"end":{"line":33,"column":4}},"14":{"start":{"line":35,"column":2},"end":{"line":44,"column":4}},"15":{"start":{"line":36,"column":47},"end":{"line":43,"column":6}},"16":{"start":{"line":37,"column":20},"end":{"line":37,"column":72}},"17":{"start":{"line":39,"column":6},"end":{"line":42,"column":9}},"18":{"start":{"line":46,"column":20},"end":{"line":48,"column":null}},"19":{"start":{"line":50,"column":2},"end":{"line":50,"column":46}},"20":{"start":{"line":51,"column":2},"end":{"line":51,"column":77}},"21":{"start":{"line":15,"column":13},"end":{"line":15,"column":39}},"22":{"start":{"line":54,"column":36},"end":{"line":106,"column":2}},"23":{"start":{"line":56,"column":25},"end":{"line":106,"column":2}},"24":{"start":{"line":57,"column":46},"end":{"line":57,"column":48}},"25":{"start":{"line":59,"column":2},"end":{"line":69,"column":null}},"26":{"start":{"line":60,"column":17},"end":{"line":62,"column":6}},"27":{"start":{"line":64,"column":4},"end":{"line":68,"column":null}},"28":{"start":{"line":65,"column":6},"end":{"line":65,"column":38}},"29":{"start":{"line":67,"column":6},"end":{"line":67,"column":16}},"30":{"start":{"line":71,"column":2},"end":{"line":85,"column":null}},"31":{"start":{"line":72,"column":16},"end":{"line":74,"column":6}},"32":{"start":{"line":76,"column":4},"end":{"line":84,"column":null}},"33":{"start":{"line":77,"column":24},"end":{"line":80,"column":8}},"34":{"start":{"line":81,"column":6},"end":{"line":81,"column":80}},"35":{"start":{"line":81,"column":59},"end":{"line":81,"column":76}},"36":{"start":{"line":83,"column":6},"end":{"line":83,"column":16}},"37":{"start":{"line":87,"column":20},"end":{"line":99,"column":4}},"38":{"start":{"line":101,"column":2},"end":{"line":103,"column":null}},"39":{"start":{"line":102,"column":4},"end":{"line":102,"column":63}},"40":{"start":{"line":104,"column":2},"end":{"line":104,"column":42}},"41":{"start":{"line":105,"column":2},"end":{"line":105,"column":66}},"42":{"start":{"line":105,"column":50},"end":{"line":105,"column":59}},"43":{"start":{"line":54,"column":13},"end":{"line":54,"column":36}},"44":{"start":{"line":108,"column":37},"end":{"line":124,"column":2}},"45":{"start":{"line":110,"column":39},"end":{"line":124,"column":2}},"46":{"start":{"line":111,"column":19},"end":{"line":111,"column":72}},"47":{"start":{"line":113,"column":2},"end":{"line":115,"column":null}},"48":{"start":{"line":114,"column":4},"end":{"line":114,"column":64}},"49":{"start":{"line":117,"column":2},"end":{"line":119,"column":5}},"50":{"start":{"line":121,"column":2},"end":{"line":121,"column":56}},"51":{"start":{"line":123,"column":2},"end":{"line":123,"column":53}},"52":{"start":{"line":108,"column":13},"end":{"line":108,"column":37}}},"fnMap":{"0":{"name":"(anonymous_8)","decl":{"start":{"line":15,"column":39},"end":{"line":15,"column":null}},"loc":{"start":{"line":18,"column":39},"end":{"line":52,"column":2}}},"1":{"name":"(anonymous_9)","decl":{"start":{"line":18,"column":39},"end":{"line":18,"column":null}},"loc":{"start":{"line":18,"column":39},"end":{"line":52,"column":1}}},"2":{"name":"(anonymous_10)","decl":{"start":{"line":36,"column":21},"end":{"line":36,"column":28}},"loc":{"start":{"line":36,"column":47},"end":{"line":43,"column":6}}},"3":{"name":"(anonymous_11)","decl":{"start":{"line":36,"column":47},"end":{"line":36,"column":null}},"loc":{"start":{"line":36,"column":47},"end":{"line":43,"column":5}}},"4":{"name":"(anonymous_12)","decl":{"start":{"line":54,"column":36},"end":{"line":54,"column":null}},"loc":{"start":{"line":56,"column":25},"end":{"line":106,"column":2}}},"5":{"name":"(anonymous_13)","decl":{"start":{"line":56,"column":25},"end":{"line":56,"column":null}},"loc":{"start":{"line":56,"column":25},"end":{"line":106,"column":1}}},"6":{"name":"(anonymous_14)","decl":{"start":{"line":81,"column":48},"end":{"line":81,"column":49}},"loc":{"start":{"line":81,"column":59},"end":{"line":81,"column":76}}},"7":{"name":"(anonymous_15)","decl":{"start":{"line":105,"column":35},"end":{"line":105,"column":36}},"loc":{"start":{"line":105,"column":50},"end":{"line":105,"column":59}}},"8":{"name":"(anonymous_16)","decl":{"start":{"line":108,"column":37},"end":{"line":108,"column":null}},"loc":{"start":{"line":110,"column":39},"end":{"line":124,"column":2}}},"9":{"name":"(anonymous_17)","decl":{"start":{"line":110,"column":39},"end":{"line":110,"column":null}},"loc":{"start":{"line":110,"column":39},"end":{"line":124,"column":1}}}},"branchMap":{"0":{"loc":{"start":{"line":19,"column":2},"end":{"line":27,"column":null}},"type":"if","locations":[{"start":{"line":19,"column":2},"end":{"line":27,"column":null}}]},"1":{"loc":{"start":{"line":59,"column":2},"end":{"line":69,"column":null}},"type":"if","locations":[{"start":{"line":59,"column":2},"end":{"line":69,"column":null}}]},"2":{"loc":{"start":{"line":64,"column":4},"end":{"line":68,"column":null}},"type":"if","locations":[{"start":{"line":64,"column":4},"end":{"line":68,"column":null}},{"start":{"line":66,"column":11},"end":{"line":68,"column":null}}]},"3":{"loc":{"start":{"line":71,"column":2},"end":{"line":85,"column":null}},"type":"if","locations":[{"start":{"line":71,"column":2},"end":{"line":85,"column":null}}]},"4":{"loc":{"start":{"line":76,"column":4},"end":{"line":84,"column":null}},"type":"if","locations":[{"start":{"line":76,"column":4},"end":{"line":84,"column":null}},{"start":{"line":82,"column":11},"end":{"line":84,"column":null}}]},"5":{"loc":{"start":{"line":101,"column":2},"end":{"line":103,"column":null}},"type":"if","locations":[{"start":{"line":101,"column":2},"end":{"line":103,"column":null}}]},"6":{"loc":{"start":{"line":105,"column":9},"end":{"line":105,"column":65}},"type":"cond-expr","locations":[{"start":{"line":105,"column":21},"end":{"line":105,"column":60}},{"start":{"line":105,"column":63},"end":{"line":105,"column":65}}]},"7":{"loc":{"start":{"line":113,"column":2},"end":{"line":115,"column":null}},"type":"if","locations":[{"start":{"line":113,"column":2},"end":{"line":115,"column":null}}]}},"s":{"0":0,"1":0,"2":0,"3":0,"4":0,"5":0,"6":0,"7":0,"8":0,"9":0,"10":0,"11":0,"12":0,"13":0,"14":0,"15":0,"16":0,"17":0,"18":0,"19":0,"20":0,"21":0,"22":0,"23":0,"24":0,"25":0,"26":0,"27":0,"28":0,"29":0,"30":0,"31":0,"32":0,"33":0,"34":0,"35":0,"36":0,"37":0,"38":0,"39":0,"40":0,"41":0,"42":0,"43":0,"44":0,"45":0,"46":0,"47":0,"48":0,"49":0,"50":0,"51":0,"52":0},"f":{"0":0,"1":0,"2":0,"3":0,"4":0,"5":0,"6":0,"7":0,"8":0,"9":0},"b":{"0":[0],"1":[0],"2":[0,0],"3":[0],"4":[0,0],"5":[0],"6":[0,0],"7":[0]}}
,"/Users/isaac/Desktop/stack_o/stackoverflow/src/core/controllers/search.ts": {"path":"/Users/isaac/Desktop/stack_o/stackoverflow/src/core/controllers/search.ts","statementMap":{"0":{"start":{"line":1,"column":0},"end":{"line":1,"column":31}},"1":{"start":{"line":3,"column":0},"end":{"line":3,"column":46}},"2":{"start":{"line":4,"column":0},"end":{"line":4,"column":43}},"3":{"start":{"line":6,"column":43},"end":{"line":32,"column":2}},"4":{"start":{"line":8,"column":59},"end":{"line":32,"column":2}},"5":{"start":{"line":9,"column":20},"end":{"line":16,"column":4}},"6":{"start":{"line":18,"column":18},"end":{"line":29,"column":4}},"7":{"start":{"line":31,"column":2},"end":{"line":31,"column":32}},"8":{"start":{"line":6,"column":13},"end":{"line":6,"column":43}}},"fnMap":{"0":{"name":"(anonymous_7)","decl":{"start":{"line":6,"column":43},"end":{"line":6,"column":null}},"loc":{"start":{"line":8,"column":59},"end":{"line":32,"column":2}}},"1":{"name":"(anonymous_8)","decl":{"start":{"line":8,"column":59},"end":{"line":8,"column":null}},"loc":{"start":{"line":8,"column":59},"end":{"line":32,"column":1}}}},"branchMap":{},"s":{"0":0,"1":0,"2":0,"3":0,"4":0,"5":0,"6":0,"7":0,"8":0},"f":{"0":0,"1":0},"b":{}}
,"/Users/isaac/Desktop/stack_o/stackoverflow/src/core/controllers/tag.ts": {"path":"/Users/isaac/Desktop/stack_o/stackoverflow/src/core/controllers/tag.ts","statementMap":{"0":{"start":{"line":1,"column":0},"end":{"line":1,"column":68}},"1":{"start":{"line":3,"column":0},"end":{"line":3,"column":37}},"2":{"start":{"line":5,"column":29},"end":{"line":15,"column":2}},"3":{"start":{"line":7,"column":36},"end":{"line":15,"column":2}},"4":{"start":{"line":8,"column":14},"end":{"line":8,"column":61}},"5":{"start":{"line":10,"column":2},"end":{"line":12,"column":null}},"6":{"start":{"line":11,"column":4},"end":{"line":11,"column":59}},"7":{"start":{"line":14,"column":2},"end":{"line":14,"column":13}},"8":{"start":{"line":5,"column":13},"end":{"line":5,"column":29}},"9":{"start":{"line":17,"column":32},"end":{"line":30,"column":2}},"10":{"start":{"line":20,"column":37},"end":{"line":30,"column":2}},"11":{"start":{"line":21,"column":14},"end":{"line":21,"column":61}},"12":{"start":{"line":23,"column":2},"end":{"line":25,"column":null}},"13":{"start":{"line":24,"column":4},"end":{"line":24,"column":59}},"14":{"start":{"line":27,"column":21},"end":{"line":27,"column":73}},"15":{"start":{"line":29,"column":2},"end":{"line":29,"column":20}},"16":{"start":{"line":17,"column":13},"end":{"line":17,"column":32}}},"fnMap":{"0":{"name":"(anonymous_8)","decl":{"start":{"line":5,"column":29},"end":{"line":5,"column":null}},"loc":{"start":{"line":7,"column":36},"end":{"line":15,"column":2}}},"1":{"name":"(anonymous_9)","decl":{"start":{"line":7,"column":36},"end":{"line":7,"column":null}},"loc":{"start":{"line":7,"column":36},"end":{"line":15,"column":1}}},"2":{"name":"(anonymous_10)","decl":{"start":{"line":17,"column":32},"end":{"line":17,"column":null}},"loc":{"start":{"line":20,"column":37},"end":{"line":30,"column":2}}},"3":{"name":"(anonymous_11)","decl":{"start":{"line":20,"column":37},"end":{"line":20,"column":null}},"loc":{"start":{"line":20,"column":37},"end":{"line":30,"column":1}}}},"branchMap":{"0":{"loc":{"start":{"line":10,"column":2},"end":{"line":12,"column":null}},"type":"if","locations":[{"start":{"line":10,"column":2},"end":{"line":12,"column":null}}]},"1":{"loc":{"start":{"line":23,"column":2},"end":{"line":25,"column":null}},"type":"if","locations":[{"start":{"line":23,"column":2},"end":{"line":25,"column":null}}]}},"s":{"0":0,"1":0,"2":0,"3":0,"4":0,"5":0,"6":0,"7":0,"8":0,"9":0,"10":0,"11":0,"12":0,"13":0,"14":0,"15":0,"16":0},"f":{"0":0,"1":0,"2":0,"3":0},"b":{"0":[0],"1":[0]}}
,"/Users/isaac/Desktop/stack_o/stackoverflow/src/core/controllers/user.ts": {"path":"/Users/isaac/Desktop/stack_o/stackoverflow/src/core/controllers/user.ts","statementMap":{"0":{"start":{"line":7,"column":0},"end":{"line":7,"column":28}},"1":{"start":{"line":8,"column":0},"end":{"line":8,"column":31}},"2":{"start":{"line":9,"column":0},"end":{"line":9,"column":39}},"3":{"start":{"line":10,"column":0},"end":{"line":10,"column":62}},"4":{"start":{"line":11,"column":0},"end":{"line":11,"column":48}},"5":{"start":{"line":12,"column":0},"end":{"line":12,"column":41}},"6":{"start":{"line":14,"column":39},"end":{"line":37,"column":2}},"7":{"start":{"line":16,"column":39},"end":{"line":37,"column":2}},"8":{"start":{"line":17,"column":20},"end":{"line":17,"column":72}},"9":{"start":{"line":19,"column":2},"end":{"line":21,"column":null}},"10":{"start":{"line":20,"column":4},"end":{"line":20,"column":58}},"11":{"start":{"line":23,"column":23},"end":{"line":23,"column":45}},"12":{"start":{"line":24,"column":23},"end":{"line":24,"column":67}},"13":{"start":{"line":26,"column":18},"end":{"line":33,"column":4}},"14":{"start":{"line":35,"column":2},"end":{"line":35,"column":46}},"15":{"start":{"line":36,"column":2},"end":{"line":36,"column":68}},"16":{"start":{"line":14,"column":13},"end":{"line":14,"column":39}},"17":{"start":{"line":39,"column":32},"end":{"line":78,"column":2}},"18":{"start":{"line":41,"column":32},"end":{"line":78,"column":2}},"19":{"start":{"line":42,"column":20},"end":{"line":42,"column":72}},"20":{"start":{"line":44,"column":2},"end":{"line":46,"column":null}},"21":{"start":{"line":45,"column":4},"end":{"line":45,"column":70}},"22":{"start":{"line":48,"column":31},"end":{"line":48,"column":49}},"23":{"start":{"line":49,"column":21},"end":{"line":49,"column":70}},"24":{"start":{"line":51,"column":2},"end":{"line":53,"column":null}},"25":{"start":{"line":52,"column":4},"end":{"line":52,"column":57}},"26":{"start":{"line":55,"column":24},"end":{"line":63,"column":null}},"27":{"start":{"line":66,"column":2},"end":{"line":66,"column":34}},"28":{"start":{"line":68,"column":36},"end":{"line":75,"column":4}},"29":{"start":{"line":77,"column":2},"end":{"line":77,"column":16}},"30":{"start":{"line":39,"column":13},"end":{"line":39,"column":32}}},"fnMap":{"0":{"name":"(anonymous_8)","decl":{"start":{"line":14,"column":39},"end":{"line":14,"column":null}},"loc":{"start":{"line":16,"column":39},"end":{"line":37,"column":2}}},"1":{"name":"(anonymous_9)","decl":{"start":{"line":16,"column":39},"end":{"line":16,"column":null}},"loc":{"start":{"line":16,"column":39},"end":{"line":37,"column":1}}},"2":{"name":"(anonymous_10)","decl":{"start":{"line":39,"column":32},"end":{"line":39,"column":null}},"loc":{"start":{"line":41,"column":32},"end":{"line":78,"column":2}}},"3":{"name":"(anonymous_11)","decl":{"start":{"line":41,"column":32},"end":{"line":41,"column":null}},"loc":{"start":{"line":41,"column":32},"end":{"line":78,"column":1}}}},"branchMap":{"0":{"loc":{"start":{"line":19,"column":2},"end":{"line":21,"column":null}},"type":"if","locations":[{"start":{"line":19,"column":2},"end":{"line":21,"column":null}}]},"1":{"loc":{"start":{"line":44,"column":2},"end":{"line":46,"column":null}},"type":"if","locations":[{"start":{"line":44,"column":2},"end":{"line":46,"column":null}}]},"2":{"loc":{"start":{"line":51,"column":2},"end":{"line":53,"column":null}},"type":"if","locations":[{"start":{"line":51,"column":2},"end":{"line":53,"column":null}}]}},"s":{"0":1,"1":1,"2":1,"3":1,"4":1,"5":1,"6":1,"7":0,"8":0,"9":0,"10":0,"11":0,"12":0,"13":0,"14":0,"15":0,"16":1,"17":1,"18":0,"19":0,"20":0,"21":0,"22":0,"23":0,"24":0,"25":0,"26":0,"27":0,"28":0,"29":0,"30":1},"f":{"0":0,"1":0,"2":0,"3":0},"b":{"0":[0],"1":[0],"2":[0]}}
,"/Users/isaac/Desktop/stack_o/stackoverflow/src/core/database/sequelize.ts": {"path":"/Users/isaac/Desktop/stack_o/stackoverflow/src/core/database/sequelize.ts","statementMap":{"0":{"start":{"line":1,"column":0},"end":{"line":1,"column":9}},"1":{"start":{"line":21,"column":20},"end":{"line":1,"column":47}},"2":{"start":{"line":4,"column":2},"end":{"line":4,"column":68}},"3":{"start":{"line":6,"column":57},"end":{"line":6,"column":72}},"4":{"start":{"line":6,"column":52},"end":{"line":6,"column":57}},"5":{"start":{"line":7,"column":20},"end":{"line":11,"column":null}},"6":{"start":{"line":14,"column":18},"end":{"line":18,"column":null}},"7":{"start":{"line":21,"column":9},"end":{"line":21,"column":18}}},"fnMap":{"0":{"name":"(anonymous_1)","decl":{"start":{"line":21,"column":20},"end":{"line":21,"column":29}},"loc":{"start":{"line":21,"column":20},"end":{"line":1,"column":47}}}},"branchMap":{"0":{"loc":{"start":{"line":4,"column":30},"end":{"line":4,"column":67}},"type":"binary-expr","locations":[{"start":{"line":4,"column":30},"end":{"line":4,"column":50}},{"start":{"line":4,"column":54},"end":{"line":4,"column":67}}]},"1":{"loc":{"start":{"line":15,"column":2},"end":{"line":15,"column":16}},"type":"binary-expr","locations":[{"start":{"line":15,"column":2},"end":{"line":15,"column":10}},{"start":{"line":15,"column":14},"end":{"line":15,"column":16}}]},"2":{"loc":{"start":{"line":16,"column":2},"end":{"line":16,"column":16}},"type":"binary-expr","locations":[{"start":{"line":16,"column":2},"end":{"line":16,"column":10}},{"start":{"line":16,"column":14},"end":{"line":16,"column":16}}]},"3":{"loc":{"start":{"line":17,"column":2},"end":{"line":17,"column":16}},"type":"binary-expr","locations":[{"start":{"line":17,"column":2},"end":{"line":17,"column":10}},{"start":{"line":17,"column":14},"end":{"line":17,"column":16}}]}},"s":{"0":1,"1":1,"2":1,"3":1,"4":1,"5":1,"6":1,"7":1},"f":{"0":0},"b":{"0":[1,0],"1":[1,0],"2":[1,0],"3":[1,0]}}
,"/Users/isaac/Desktop/stack_o/stackoverflow/src/core/errors/AuthenticationError.ts": {"path":"/Users/isaac/Desktop/stack_o/stackoverflow/src/core/errors/AuthenticationError.ts","statementMap":{"0":{"start":{"line":1,"column":0},"end":{"line":1,"column":40}},"1":{"start":{"line":2,"column":0},"end":{"line":2,"column":44}},"2":{"start":{"line":15,"column":4},"end":{"line":15,"column":41}},"3":{"start":{"line":5,"column":12},"end":{"line":5,"column":45}},"4":{"start":{"line":7,"column":12},"end":{"line":7,"column":27}},"5":{"start":{"line":16,"column":4},"end":{"line":16,"column":52}},"6":{"start":{"line":4,"column":0},"end":{"line":4,"column":21}}},"fnMap":{"0":{"name":"(anonymous_1)","decl":{"start":{"line":9,"column":2},"end":{"line":9,"column":null}},"loc":{"start":{"line":13,"column":19},"end":{"line":17,"column":3}}}},"branchMap":{"0":{"loc":{"start":{"line":10,"column":4},"end":{"line":10,"column":46}},"type":"default-arg","locations":[{"start":{"line":10,"column":22},"end":{"line":10,"column":46}}]},"1":{"loc":{"start":{"line":12,"column":4},"end":{"line":12,"column":20}},"type":"default-arg","locations":[{"start":{"line":12,"column":16},"end":{"line":12,"column":20}}]},"2":{"loc":{"start":{"line":13,"column":4},"end":{"line":13,"column":19}},"type":"default-arg","locations":[{"start":{"line":13,"column":14},"end":{"line":13,"column":19}}]}},"s":{"0":0,"1":0,"2":0,"3":0,"4":0,"5":0,"6":0},"f":{"0":0},"b":{"0":[0],"1":[0],"2":[0]}}
,"/Users/isaac/Desktop/stack_o/stackoverflow/src/core/errors/AuthorizationError.ts": {"path":"/Users/isaac/Desktop/stack_o/stackoverflow/src/core/errors/AuthorizationError.ts","statementMap":{"0":{"start":{"line":1,"column":0},"end":{"line":1,"column":40}},"1":{"start":{"line":2,"column":0},"end":{"line":2,"column":44}},"2":{"start":{"line":15,"column":4},"end":{"line":15,"column":41}},"3":{"start":{"line":5,"column":12},"end":{"line":5,"column":36}},"4":{"start":{"line":7,"column":12},"end":{"line":7,"column":27}},"5":{"start":{"line":16,"column":4},"end":{"line":16,"column":52}},"6":{"start":{"line":4,"column":0},"end":{"line":4,"column":21}}},"fnMap":{"0":{"name":"(anonymous_1)","decl":{"start":{"line":9,"column":2},"end":{"line":9,"column":null}},"loc":{"start":{"line":13,"column":19},"end":{"line":17,"column":3}}}},"branchMap":{"0":{"loc":{"start":{"line":10,"column":4},"end":{"line":10,"column":43}},"type":"default-arg","locations":[{"start":{"line":10,"column":22},"end":{"line":10,"column":43}}]},"1":{"loc":{"start":{"line":12,"column":4},"end":{"line":12,"column":20}},"type":"default-arg","locations":[{"start":{"line":12,"column":16},"end":{"line":12,"column":20}}]},"2":{"loc":{"start":{"line":13,"column":4},"end":{"line":13,"column":19}},"type":"default-arg","locations":[{"start":{"line":13,"column":14},"end":{"line":13,"column":19}}]}},"s":{"0":1,"1":1,"2":0,"3":0,"4":0,"5":0,"6":1},"f":{"0":0},"b":{"0":[0],"1":[0],"2":[0]}}
,"/Users/isaac/Desktop/stack_o/stackoverflow/src/core/errors/BadRequestError.ts": {"path":"/Users/isaac/Desktop/stack_o/stackoverflow/src/core/errors/BadRequestError.ts","statementMap":{"0":{"start":{"line":1,"column":0},"end":{"line":1,"column":40}},"1":{"start":{"line":2,"column":0},"end":{"line":2,"column":44}},"2":{"start":{"line":15,"column":4},"end":{"line":15,"column":41}},"3":{"start":{"line":5,"column":12},"end":{"line":5,"column":39}},"4":{"start":{"line":7,"column":12},"end":{"line":7,"column":27}},"5":{"start":{"line":16,"column":4},"end":{"line":16,"column":52}},"6":{"start":{"line":4,"column":0},"end":{"line":4,"column":21}}},"fnMap":{"0":{"name":"(anonymous_1)","decl":{"start":{"line":9,"column":2},"end":{"line":9,"column":null}},"loc":{"start":{"line":13,"column":19},"end":{"line":17,"column":3}}}},"branchMap":{"0":{"loc":{"start":{"line":10,"column":4},"end":{"line":10,"column":40}},"type":"default-arg","locations":[{"start":{"line":10,"column":22},"end":{"line":10,"column":40}}]},"1":{"loc":{"start":{"line":12,"column":4},"end":{"line":12,"column":20}},"type":"default-arg","locations":[{"start":{"line":12,"column":16},"end":{"line":12,"column":20}}]},"2":{"loc":{"start":{"line":13,"column":4},"end":{"line":13,"column":19}},"type":"default-arg","locations":[{"start":{"line":13,"column":14},"end":{"line":13,"column":19}}]}},"s":{"0":0,"1":0,"2":0,"3":0,"4":0,"5":0,"6":0},"f":{"0":0},"b":{"0":[0],"1":[0],"2":[0]}}
,"/Users/isaac/Desktop/stack_o/stackoverflow/src/core/errors/ConflictError.ts": {"path":"/Users/isaac/Desktop/stack_o/stackoverflow/src/core/errors/ConflictError.ts","statementMap":{"0":{"start":{"line":1,"column":0},"end":{"line":1,"column":40}},"1":{"start":{"line":2,"column":0},"end":{"line":2,"column":44}},"2":{"start":{"line":15,"column":4},"end":{"line":15,"column":41}},"3":{"start":{"line":5,"column":12},"end":{"line":5,"column":36}},"4":{"start":{"line":7,"column":12},"end":{"line":7,"column":27}},"5":{"start":{"line":16,"column":4},"end":{"line":16,"column":52}},"6":{"start":{"line":4,"column":0},"end":{"line":4,"column":21}}},"fnMap":{"0":{"name":"(anonymous_1)","decl":{"start":{"line":9,"column":2},"end":{"line":9,"column":null}},"loc":{"start":{"line":13,"column":19},"end":{"line":17,"column":3}}}},"branchMap":{"0":{"loc":{"start":{"line":10,"column":4},"end":{"line":10,"column":37}},"type":"default-arg","locations":[{"start":{"line":10,"column":22},"end":{"line":10,"column":37}}]},"1":{"loc":{"start":{"line":12,"column":4},"end":{"line":12,"column":20}},"type":"default-arg","locations":[{"start":{"line":12,"column":16},"end":{"line":12,"column":20}}]},"2":{"loc":{"start":{"line":13,"column":4},"end":{"line":13,"column":19}},"type":"default-arg","locations":[{"start":{"line":13,"column":14},"end":{"line":13,"column":19}}]}},"s":{"0":0,"1":0,"2":0,"3":0,"4":0,"5":0,"6":0},"f":{"0":0},"b":{"0":[0],"1":[0],"2":[0]}}
,"/Users/isaac/Desktop/stack_o/stackoverflow/src/core/errors/DomainError.ts": {"path":"/Users/isaac/Desktop/stack_o/stackoverflow/src/core/errors/DomainError.ts","statementMap":{"0":{"start":{"line":18,"column":4},"end":{"line":18,"column":19}},"1":{"start":{"line":2,"column":12},"end":{"line":2,"column":40}},"2":{"start":{"line":8,"column":12},"end":{"line":8,"column":27}},"3":{"start":{"line":19,"column":4},"end":{"line":19,"column":26}},"4":{"start":{"line":20,"column":4},"end":{"line":20,"column":21}},"5":{"start":{"line":21,"column":4},"end":{"line":21,"column":27}},"6":{"start":{"line":25,"column":4},"end":{"line":25,"column":24}},"7":{"start":{"line":29,"column":4},"end":{"line":29,"column":25}},"8":{"start":{"line":33,"column":4},"end":{"line":33,"column":25}},"9":{"start":{"line":37,"column":4},"end":{"line":37,"column":21}},"10":{"start":{"line":41,"column":4},"end":{"line":41,"column":27}},"11":{"start":{"line":1,"column":0},"end":{"line":1,"column":21}}},"fnMap":{"0":{"name":"(anonymous_0)","decl":{"start":{"line":12,"column":2},"end":{"line":12,"column":null}},"loc":{"start":{"line":16,"column":19},"end":{"line":22,"column":3}}},"1":{"name":"(anonymous_1)","decl":{"start":{"line":24,"column":9},"end":{"line":24,"column":18}},"loc":{"start":{"line":24,"column":18},"end":{"line":26,"column":3}}},"2":{"name":"(anonymous_2)","decl":{"start":{"line":28,"column":9},"end":{"line":28,"column":25}},"loc":{"start":{"line":28,"column":25},"end":{"line":30,"column":3}}},"3":{"name":"(anonymous_3)","decl":{"start":{"line":32,"column":9},"end":{"line":32,"column":20}},"loc":{"start":{"line":32,"column":20},"end":{"line":34,"column":3}}},"4":{"name":"(anonymous_4)","decl":{"start":{"line":36,"column":9},"end":{"line":36,"column":16}},"loc":{"start":{"line":36,"column":16},"end":{"line":38,"column":3}}},"5":{"name":"(anonymous_5)","decl":{"start":{"line":40,"column":9},"end":{"line":40,"column":16}},"loc":{"start":{"line":40,"column":16},"end":{"line":42,"column":3}}}},"branchMap":{"0":{"loc":{"start":{"line":16,"column":4},"end":{"line":16,"column":19}},"type":"default-arg","locations":[{"start":{"line":16,"column":14},"end":{"line":16,"column":19}}]}},"s":{"0":0,"1":0,"2":0,"3":0,"4":0,"5":0,"6":0,"7":0,"8":0,"9":0,"10":0,"11":1},"f":{"0":0,"1":0,"2":0,"3":0,"4":0,"5":0},"b":{"0":[0]}}
,"/Users/isaac/Desktop/stack_o/stackoverflow/src/core/errors/InternalServerError.ts": {"path":"/Users/isaac/Desktop/stack_o/stackoverflow/src/core/errors/InternalServerError.ts","statementMap":{"0":{"start":{"line":1,"column":0},"end":{"line":1,"column":40}},"1":{"start":{"line":2,"column":0},"end":{"line":2,"column":44}},"2":{"start":{"line":15,"column":4},"end":{"line":15,"column":41}},"3":{"start":{"line":5,"column":12},"end":{"line":5,"column":40}},"4":{"start":{"line":7,"column":12},"end":{"line":7,"column":27}},"5":{"start":{"line":16,"column":4},"end":{"line":16,"column":52}},"6":{"start":{"line":4,"column":0},"end":{"line":4,"column":21}}},"fnMap":{"0":{"name":"(anonymous_1)","decl":{"start":{"line":9,"column":2},"end":{"line":9,"column":null}},"loc":{"start":{"line":13,"column":19},"end":{"line":17,"column":3}}}},"branchMap":{"0":{"loc":{"start":{"line":10,"column":4},"end":{"line":10,"column":41}},"type":"default-arg","locations":[{"start":{"line":10,"column":22},"end":{"line":10,"column":41}}]},"1":{"loc":{"start":{"line":12,"column":4},"end":{"line":12,"column":20}},"type":"default-arg","locations":[{"start":{"line":12,"column":16},"end":{"line":12,"column":20}}]},"2":{"loc":{"start":{"line":13,"column":4},"end":{"line":13,"column":19}},"type":"default-arg","locations":[{"start":{"line":13,"column":14},"end":{"line":13,"column":19}}]}},"s":{"0":0,"1":0,"2":0,"3":0,"4":0,"5":0,"6":0},"f":{"0":0},"b":{"0":[0],"1":[0],"2":[0]}}
,"/Users/isaac/Desktop/stack_o/stackoverflow/src/core/errors/NotImplementedError.ts": {"path":"/Users/isaac/Desktop/stack_o/stackoverflow/src/core/errors/NotImplementedError.ts","statementMap":{"0":{"start":{"line":1,"column":0},"end":{"line":1,"column":40}},"1":{"start":{"line":2,"column":0},"end":{"line":2,"column":44}},"2":{"start":{"line":15,"column":4},"end":{"line":15,"column":41}},"3":{"start":{"line":5,"column":12},"end":{"line":5,"column":43}},"4":{"start":{"line":7,"column":12},"end":{"line":7,"column":27}},"5":{"start":{"line":16,"column":4},"end":{"line":16,"column":52}},"6":{"start":{"line":4,"column":0},"end":{"line":4,"column":21}}},"fnMap":{"0":{"name":"(anonymous_1)","decl":{"start":{"line":9,"column":2},"end":{"line":9,"column":null}},"loc":{"start":{"line":13,"column":19},"end":{"line":17,"column":3}}}},"branchMap":{"0":{"loc":{"start":{"line":10,"column":4},"end":{"line":10,"column":44}},"type":"default-arg","locations":[{"start":{"line":10,"column":22},"end":{"line":10,"column":44}}]},"1":{"loc":{"start":{"line":12,"column":4},"end":{"line":12,"column":20}},"type":"default-arg","locations":[{"start":{"line":12,"column":16},"end":{"line":12,"column":20}}]},"2":{"loc":{"start":{"line":13,"column":4},"end":{"line":13,"column":19}},"type":"default-arg","locations":[{"start":{"line":13,"column":14},"end":{"line":13,"column":19}}]}},"s":{"0":0,"1":0,"2":0,"3":0,"4":0,"5":0,"6":0},"f":{"0":0},"b":{"0":[0],"1":[0],"2":[0]}}
,"/Users/isaac/Desktop/stack_o/stackoverflow/src/core/errors/RequestValidationError.ts": {"path":"/Users/isaac/Desktop/stack_o/stackoverflow/src/core/errors/RequestValidationError.ts","statementMap":{"0":{"start":{"line":1,"column":0},"end":{"line":1,"column":40}},"1":{"start":{"line":2,"column":0},"end":{"line":2,"column":44}},"2":{"start":{"line":15,"column":4},"end":{"line":15,"column":41}},"3":{"start":{"line":5,"column":12},"end":{"line":5,"column":44}},"4":{"start":{"line":7,"column":12},"end":{"line":7,"column":27}},"5":{"start":{"line":16,"column":4},"end":{"line":16,"column":52}},"6":{"start":{"line":4,"column":0},"end":{"line":4,"column":21}}},"fnMap":{"0":{"name":"(anonymous_1)","decl":{"start":{"line":9,"column":2},"end":{"line":9,"column":null}},"loc":{"start":{"line":13,"column":19},"end":{"line":17,"column":3}}}},"branchMap":{"0":{"loc":{"start":{"line":10,"column":4},"end":{"line":10,"column":39}},"type":"default-arg","locations":[{"start":{"line":10,"column":22},"end":{"line":10,"column":39}}]},"1":{"loc":{"start":{"line":12,"column":4},"end":{"line":12,"column":20}},"type":"default-arg","locations":[{"start":{"line":12,"column":16},"end":{"line":12,"column":20}}]},"2":{"loc":{"start":{"line":13,"column":4},"end":{"line":13,"column":19}},"type":"default-arg","locations":[{"start":{"line":13,"column":14},"end":{"line":13,"column":19}}]}},"s":{"0":0,"1":0,"2":0,"3":0,"4":0,"5":0,"6":0},"f":{"0":0},"b":{"0":[0],"1":[0],"2":[0]}}
,"/Users/isaac/Desktop/stack_o/stackoverflow/src/core/errors/ResourceNotFoundError.ts": {"path":"/Users/isaac/Desktop/stack_o/stackoverflow/src/core/errors/ResourceNotFoundError.ts","statementMap":{"0":{"start":{"line":1,"column":0},"end":{"line":1,"column":40}},"1":{"start":{"line":2,"column":0},"end":{"line":2,"column":44}},"2":{"start":{"line":15,"column":4},"end":{"line":15,"column":41}},"3":{"start":{"line":5,"column":12},"end":{"line":5,"column":37}},"4":{"start":{"line":7,"column":12},"end":{"line":7,"column":27}},"5":{"start":{"line":16,"column":4},"end":{"line":16,"column":52}},"6":{"start":{"line":4,"column":0},"end":{"line":4,"column":21}}},"fnMap":{"0":{"name":"(anonymous_1)","decl":{"start":{"line":9,"column":2},"end":{"line":9,"column":null}},"loc":{"start":{"line":13,"column":19},"end":{"line":17,"column":3}}}},"branchMap":{"0":{"loc":{"start":{"line":10,"column":4},"end":{"line":10,"column":47}},"type":"default-arg","locations":[{"start":{"line":10,"column":22},"end":{"line":10,"column":47}}]},"1":{"loc":{"start":{"line":12,"column":4},"end":{"line":12,"column":20}},"type":"default-arg","locations":[{"start":{"line":12,"column":16},"end":{"line":12,"column":20}}]},"2":{"loc":{"start":{"line":13,"column":4},"end":{"line":13,"column":19}},"type":"default-arg","locations":[{"start":{"line":13,"column":14},"end":{"line":13,"column":19}}]}},"s":{"0":0,"1":0,"2":0,"3":0,"4":0,"5":0,"6":0},"f":{"0":0},"b":{"0":[0],"1":[0],"2":[0]}}
,"/Users/isaac/Desktop/stack_o/stackoverflow/src/core/errors/ServiceUnavailableError.ts": {"path":"/Users/isaac/Desktop/stack_o/stackoverflow/src/core/errors/ServiceUnavailableError.ts","statementMap":{"0":{"start":{"line":1,"column":0},"end":{"line":1,"column":40}},"1":{"start":{"line":2,"column":0},"end":{"line":2,"column":44}},"2":{"start":{"line":15,"column":4},"end":{"line":15,"column":41}},"3":{"start":{"line":5,"column":12},"end":{"line":5,"column":47}},"4":{"start":{"line":7,"column":12},"end":{"line":7,"column":27}},"5":{"start":{"line":16,"column":4},"end":{"line":16,"column":52}},"6":{"start":{"line":4,"column":0},"end":{"line":4,"column":21}}},"fnMap":{"0":{"name":"(anonymous_1)","decl":{"start":{"line":9,"column":2},"end":{"line":9,"column":null}},"loc":{"start":{"line":13,"column":19},"end":{"line":17,"column":3}}}},"branchMap":{"0":{"loc":{"start":{"line":10,"column":4},"end":{"line":10,"column":48}},"type":"default-arg","locations":[{"start":{"line":10,"column":22},"end":{"line":10,"column":48}}]},"1":{"loc":{"start":{"line":12,"column":4},"end":{"line":12,"column":20}},"type":"default-arg","locations":[{"start":{"line":12,"column":16},"end":{"line":12,"column":20}}]},"2":{"loc":{"start":{"line":13,"column":4},"end":{"line":13,"column":19}},"type":"default-arg","locations":[{"start":{"line":13,"column":14},"end":{"line":13,"column":19}}]}},"s":{"0":0,"1":0,"2":0,"3":0,"4":0,"5":0,"6":0},"f":{"0":0},"b":{"0":[0],"1":[0],"2":[0]}}
,"/Users/isaac/Desktop/stack_o/stackoverflow/src/core/helpers/utilities.ts": {"path":"/Users/isaac/Desktop/stack_o/stackoverflow/src/core/helpers/utilities.ts","statementMap":{"0":{"start":{"line":2,"column":0},"end":{"line":2,"column":44}},"1":{"start":{"line":3,"column":0},"end":{"line":3,"column":56}},"2":{"start":{"line":5,"column":31},"end":{"line":14,"column":1}},"3":{"start":{"line":9,"column":2},"end":{"line":13,"column":4}},"4":{"start":{"line":5,"column":13},"end":{"line":5,"column":31}},"5":{"start":{"line":16,"column":22},"end":{"line":52,"column":1}},"6":{"start":{"line":18,"column":2},"end":{"line":50,"column":null}},"7":{"start":{"line":20,"column":6},"end":{"line":20,"column":64}},"8":{"start":{"line":21,"column":6},"end":{"line":21,"column":12}},"9":{"start":{"line":23,"column":6},"end":{"line":23,"column":53}},"10":{"start":{"line":24,"column":6},"end":{"line":24,"column":12}},"11":{"start":{"line":26,"column":6},"end":{"line":26,"column":56}},"12":{"start":{"line":27,"column":6},"end":{"line":27,"column":12}},"13":{"start":{"line":29,"column":6},"end":{"line":30,"column":30}},"14":{"start":{"line":31,"column":6},"end":{"line":31,"column":12}},"15":{"start":{"line":33,"column":6},"end":{"line":34,"column":30}},"16":{"start":{"line":35,"column":6},"end":{"line":35,"column":12}},"17":{"start":{"line":37,"column":6},"end":{"line":39,"column":54}},"18":{"start":{"line":40,"column":6},"end":{"line":40,"column":12}},"19":{"start":{"line":42,"column":6},"end":{"line":42,"column":60}},"20":{"start":{"line":43,"column":6},"end":{"line":43,"column":12}},"21":{"start":{"line":45,"column":6},"end":{"line":46,"column":47}},"22":{"start":{"line":47,"column":6},"end":{"line":47,"column":12}},"23":{"start":{"line":49,"column":6},"end":{"line":49,"column":12}},"24":{"start":{"line":51,"column":2},"end":{"line":51,"column":27}},"25":{"start":{"line":54,"column":25},"end":{"line":71,"column":1}},"26":{"start":{"line":57,"column":28},"end":{"line":57,"column":30}},"27":{"start":{"line":58,"column":2},"end":{"line":69,"column":5}},"28":{"start":{"line":59,"column":4},"end":{"line":68,"column":null}},"29":{"start":{"line":62,"column":33},"end":{"line":62,"column":52}},"30":{"start":{"line":64,"column":6},"end":{"line":67,"column":8}},"31":{"start":{"line":70,"column":2},"end":{"line":70,"column":22}},"32":{"start":{"line":73,"column":24},"end":{"line":89,"column":1}},"33":{"start":{"line":77,"column":21},"end":{"line":77,"column":68}},"34":{"start":{"line":78,"column":27},"end":{"line":78,"column":37}},"35":{"start":{"line":80,"column":2},"end":{"line":87,"column":null}},"36":{"start":{"line":81,"column":26},"end":{"line":81,"column":59}},"37":{"start":{"line":82,"column":4},"end":{"line":86,"column":6}},"38":{"start":{"line":88,"column":2},"end":{"line":88,"column":15}},"39":{"start":{"line":73,"column":13},"end":{"line":73,"column":24}}},"fnMap":{"0":{"name":"(anonymous_1)","decl":{"start":{"line":5,"column":31},"end":{"line":5,"column":null}},"loc":{"start":{"line":8,"column":53},"end":{"line":14,"column":1}}},"1":{"name":"(anonymous_2)","decl":{"start":{"line":16,"column":22},"end":{"line":16,"column":23}},"loc":{"start":{"line":16,"column":60},"end":{"line":52,"column":1}}},"2":{"name":"(anonymous_3)","decl":{"start":{"line":54,"column":25},"end":{"line":54,"column":null}},"loc":{"start":{"line":56,"column":62},"end":{"line":71,"column":1}}},"3":{"name":"(anonymous_4)","decl":{"start":{"line":58,"column":17},"end":{"line":58,"column":18}},"loc":{"start":{"line":58,"column":26},"end":{"line":69,"column":3}}},"4":{"name":"(anonymous_5)","decl":{"start":{"line":73,"column":24},"end":{"line":73,"column":null}},"loc":{"start":{"line":76,"column":7},"end":{"line":89,"column":1}}}},"branchMap":{"0":{"loc":{"start":{"line":7,"column":2},"end":{"line":7,"column":21}},"type":"default-arg","locations":[{"start":{"line":7,"column":12},"end":{"line":7,"column":21}}]},"1":{"loc":{"start":{"line":12,"column":10},"end":{"line":12,"column":23}},"type":"binary-expr","locations":[{"start":{"line":12,"column":10},"end":{"line":12,"column":17}},{"start":{"line":12,"column":21},"end":{"line":12,"column":23}}]},"2":{"loc":{"start":{"line":18,"column":2},"end":{"line":50,"column":null}},"type":"switch","locations":[{"start":{"line":19,"column":4},"end":{"line":21,"column":12}},{"start":{"line":22,"column":4},"end":{"line":24,"column":12}},{"start":{"line":25,"column":4},"end":{"line":27,"column":12}},{"start":{"line":28,"column":4},"end":{"line":31,"column":12}},{"start":{"line":32,"column":4},"end":{"line":35,"column":12}},{"start":{"line":36,"column":4},"end":{"line":40,"column":12}},{"start":{"line":41,"column":4},"end":{"line":43,"column":12}},{"start":{"line":44,"column":4},"end":{"line":47,"column":12}},{"start":{"line":48,"column":4},"end":{"line":49,"column":12}}]},"3":{"loc":{"start":{"line":20,"column":19},"end":{"line":20,"column":39}},"type":"cond-expr","locations":[{"start":{"line":20,"column":32},"end":{"line":20,"column":34}},{"start":{"line":20,"column":32},"end":{"line":20,"column":39}}]},"4":{"loc":{"start":{"line":20,"column":19},"end":{"line":20,"column":34}},"type":"binary-expr","locations":[{"start":{"line":20,"column":19},"end":{"line":20,"column":34}},{"start":{"line":20,"column":32},"end":{"line":20,"column":34}}]},"5":{"loc":{"start":{"line":20,"column":19},"end":{"line":20,"column":32}},"type":"cond-expr","locations":[{"start":{"line":20,"column":23},"end":{"line":20,"column":25}},{"start":{"line":20,"column":19},"end":{"line":20,"column":32}}]},"6":{"loc":{"start":{"line":20,"column":19},"end":{"line":20,"column":25}},"type":"binary-expr","locations":[{"start":{"line":20,"column":19},"end":{"line":20,"column":25}},{"start":{"line":20,"column":19},"end":{"line":20,"column":25}}]},"7":{"loc":{"start":{"line":29,"column":63},"end":{"line":30,"column":15}},"type":"cond-expr","locations":[{"start":{"line":29,"column":76},"end":{"line":29,"column":null}},{"start":{"line":29,"column":76},"end":{"line":30,"column":15}}]},"8":{"loc":{"start":{"line":29,"column":63},"end":{"line":29,"column":null}},"type":"binary-expr","locations":[{"start":{"line":29,"column":63},"end":{"line":29,"column":null}},{"start":{"line":29,"column":76},"end":{"line":29,"column":null}}]},"9":{"loc":{"start":{"line":29,"column":63},"end":{"line":29,"column":76}},"type":"cond-expr","locations":[{"start":{"line":29,"column":67},"end":{"line":29,"column":69}},{"start":{"line":29,"column":63},"end":{"line":29,"column":76}}]},"10":{"loc":{"start":{"line":29,"column":63},"end":{"line":29,"column":69}},"type":"binary-expr","locations":[{"start":{"line":29,"column":63},"end":{"line":29,"column":69}},{"start":{"line":29,"column":63},"end":{"line":29,"column":69}}]},"11":{"loc":{"start":{"line":33,"column":62},"end":{"line":34,"column":15}},"type":"cond-expr","locations":[{"start":{"line":33,"column":75},"end":{"line":33,"column":null}},{"start":{"line":33,"column":75},"end":{"line":34,"column":15}}]},"12":{"loc":{"start":{"line":33,"column":62},"end":{"line":33,"column":null}},"type":"binary-expr","locations":[{"start":{"line":33,"column":62},"end":{"line":33,"column":null}},{"start":{"line":33,"column":75},"end":{"line":33,"column":null}}]},"13":{"loc":{"start":{"line":33,"column":62},"end":{"line":33,"column":75}},"type":"cond-expr","locations":[{"start":{"line":33,"column":66},"end":{"line":33,"column":68}},{"start":{"line":33,"column":62},"end":{"line":33,"column":75}}]},"14":{"loc":{"start":{"line":33,"column":62},"end":{"line":33,"column":68}},"type":"binary-expr","locations":[{"start":{"line":33,"column":62},"end":{"line":33,"column":68}},{"start":{"line":33,"column":62},"end":{"line":33,"column":68}}]},"15":{"loc":{"start":{"line":45,"column":57},"end":{"line":46,"column":15}},"type":"cond-expr","locations":[{"start":{"line":45,"column":70},"end":{"line":45,"column":null}},{"start":{"line":45,"column":70},"end":{"line":46,"column":15}}]},"16":{"loc":{"start":{"line":45,"column":57},"end":{"line":45,"column":null}},"type":"binary-expr","locations":[{"start":{"line":45,"column":57},"end":{"line":45,"column":null}},{"start":{"line":45,"column":70},"end":{"line":45,"column":null}}]},"17":{"loc":{"start":{"line":45,"column":57},"end":{"line":45,"column":70}},"type":"cond-expr","locations":[{"start":{"line":45,"column":61},"end":{"line":45,"column":63}},{"start":{"line":45,"column":57},"end":{"line":45,"column":70}}]},"18":{"loc":{"start":{"line":45,"column":57},"end":{"line":45,"column":63}},"type":"binary-expr","locations":[{"start":{"line":45,"column":57},"end":{"line":45,"column":63}},{"start":{"line":45,"column":57},"end":{"line":45,"column":63}}]},"19":{"loc":{"start":{"line":59,"column":4},"end":{"line":68,"column":null}},"type":"if","locations":[{"start":{"line":59,"column":4},"end":{"line":68,"column":null}}]},"20":{"loc":{"start":{"line":80,"column":2},"end":{"line":87,"column":null}},"type":"if","locations":[{"start":{"line":80,"column":2},"end":{"line":87,"column":null}}]}},"s":{"0":0,"1":0,"2":0,"3":0,"4":0,"5":0,"6":0,"7":0,"8":0,"9":0,"10":0,"11":0,"12":0,"13":0,"14":0,"15":0,"16":0,"17":0,"18":0,"19":0,"20":0,"21":0,"22":0,"23":0,"24":0,"25":0,"26":0,"27":0,"28":0,"29":0,"30":0,"31":0,"32":0,"33":0,"34":0,"35":0,"36":0,"37":0,"38":0,"39":0},"f":{"0":0,"1":0,"2":0,"3":0,"4":0},"b":{"0":[0],"1":[0,0],"2":[0,0,0,0,0,0,0,0,0],"3":[0,0],"4":[0,0],"5":[0,0],"6":[0,0],"7":[0,0],"8":[0,0],"9":[0,0],"10":[0,0],"11":[0,0],"12":[0,0],"13":[0,0],"14":[0,0],"15":[0,0],"16":[0,0],"17":[0,0],"18":[0,0],"19":[0],"20":[0]}}
,"/Users/isaac/Desktop/stack_o/stackoverflow/src/core/interfaces/redis.d.ts": {"path":"/Users/isaac/Desktop/stack_o/stackoverflow/src/core/interfaces/redis.d.ts","statementMap":{},"fnMap":{},"branchMap":{},"s":{},"f":{},"b":{}}
,"/Users/isaac/Desktop/stack_o/stackoverflow/src/core/interfaces/vote.ts": {"path":"/Users/isaac/Desktop/stack_o/stackoverflow/src/core/interfaces/vote.ts","statementMap":{"0":{"start":{"line":1,"column":0},"end":{"line":1,"column":null}},"1":{"start":{"line":2,"column":2},"end":{"line":2,"column":null}},"2":{"start":{"line":3,"column":2},"end":{"line":3,"column":null}}},"fnMap":{"0":{"name":"(anonymous_0)","decl":{"start":{"line":1,"column":0},"end":{"line":1,"column":12}},"loc":{"start":{"line":1,"column":20},"end":{"line":4,"column":1}}}},"branchMap":{"0":{"loc":{"start":{"line":1,"column":12},"end":{"line":1,"column":null}},"type":"binary-expr","locations":[{"start":{"line":1,"column":12},"end":{"line":1,"column":20}},{"start":{"line":1,"column":20},"end":{"line":1,"column":null}}]}},"s":{"0":0,"1":0,"2":0},"f":{"0":0},"b":{"0":[0,0]}}
,"/Users/isaac/Desktop/stack_o/stackoverflow/src/core/models/answers.ts": {"path":"/Users/isaac/Desktop/stack_o/stackoverflow/src/core/models/answers.ts","statementMap":{"0":{"start":{"line":1,"column":0},"end":{"line":1,"column":null}},"1":{"start":{"line":8,"column":0},"end":{"line":8,"column":50}},"2":{"start":{"line":9,"column":0},"end":{"line":9,"column":31}},"3":{"start":{"line":10,"column":0},"end":{"line":10,"column":38}},"4":{"start":{"line":13,"column":0},"end":{"line":13,"column":13}},"5":{"start":{"line":29,"column":0},"end":{"line":64,"column":2}},"6":{"start":{"line":66,"column":0},"end":{"line":69,"column":3}},"7":{"start":{"line":71,"column":0},"end":{"line":74,"column":3}}},"fnMap":{},"branchMap":{},"s":{"0":0,"1":0,"2":0,"3":0,"4":0,"5":0,"6":0,"7":0},"f":{},"b":{}}
,"/Users/isaac/Desktop/stack_o/stackoverflow/src/core/models/question.ts": {"path":"/Users/isaac/Desktop/stack_o/stackoverflow/src/core/models/question.ts","statementMap":{"0":{"start":{"line":1,"column":0},"end":{"line":1,"column":null}},"1":{"start":{"line":8,"column":0},"end":{"line":8,"column":50}},"2":{"start":{"line":10,"column":0},"end":{"line":10,"column":31}},"3":{"start":{"line":11,"column":0},"end":{"line":11,"column":46}},"4":{"start":{"line":13,"column":0},"end":{"line":13,"column":13}},"5":{"start":{"line":29,"column":0},"end":{"line":60,"column":2}},"6":{"start":{"line":62,"column":0},"end":{"line":65,"column":3}},"7":{"start":{"line":67,"column":0},"end":{"line":70,"column":3}}},"fnMap":{},"branchMap":{},"s":{"0":0,"1":0,"2":0,"3":0,"4":0,"5":0,"6":0,"7":0},"f":{},"b":{}}
,"/Users/isaac/Desktop/stack_o/stackoverflow/src/core/models/question_tags.ts": {"path":"/Users/isaac/Desktop/stack_o/stackoverflow/src/core/models/question_tags.ts","statementMap":{"0":{"start":{"line":1,"column":0},"end":{"line":1,"column":null}},"1":{"start":{"line":7,"column":0},"end":{"line":7,"column":50}},"2":{"start":{"line":10,"column":0},"end":{"line":10,"column":13}},"3":{"start":{"line":22,"column":0},"end":{"line":48,"column":2}}},"fnMap":{},"branchMap":{},"s":{"0":0,"1":0,"2":0,"3":0},"f":{},"b":{}}
,"/Users/isaac/Desktop/stack_o/stackoverflow/src/core/models/tags.ts": {"path":"/Users/isaac/Desktop/stack_o/stackoverflow/src/core/models/tags.ts","statementMap":{"0":{"start":{"line":1,"column":0},"end":{"line":1,"column":null}},"1":{"start":{"line":8,"column":0},"end":{"line":8,"column":50}},"2":{"start":{"line":11,"column":0},"end":{"line":11,"column":13}},"3":{"start":{"line":20,"column":0},"end":{"line":37,"column":2}}},"fnMap":{},"branchMap":{},"s":{"0":0,"1":0,"2":0,"3":0},"f":{},"b":{}}
,"/Users/isaac/Desktop/stack_o/stackoverflow/src/core/models/users.ts": {"path":"/Users/isaac/Desktop/stack_o/stackoverflow/src/core/models/users.ts","statementMap":{"0":{"start":{"line":1,"column":0},"end":{"line":1,"column":null}},"1":{"start":{"line":8,"column":0},"end":{"line":8,"column":50}},"2":{"start":{"line":11,"column":0},"end":{"line":11,"column":13}},"3":{"start":{"line":39,"column":0},"end":{"line":119,"column":2}}},"fnMap":{},"branchMap":{},"s":{"0":1,"1":1,"2":1,"3":1},"f":{},"b":{}}
,"/Users/isaac/Desktop/stack_o/stackoverflow/src/core/models/votes.ts": {"path":"/Users/isaac/Desktop/stack_o/stackoverflow/src/core/models/votes.ts","statementMap":{"0":{"start":{"line":1,"column":0},"end":{"line":1,"column":null}},"1":{"start":{"line":7,"column":0},"end":{"line":7,"column":50}},"2":{"start":{"line":8,"column":0},"end":{"line":8,"column":31}},"3":{"start":{"line":10,"column":0},"end":{"line":10,"column":35}},"4":{"start":{"line":12,"column":0},"end":{"line":12,"column":13}},"5":{"start":{"line":26,"column":0},"end":{"line":50,"column":2}},"6":{"start":{"line":52,"column":0},"end":{"line":55,"column":3}},"7":{"start":{"line":57,"column":0},"end":{"line":60,"column":3}}},"fnMap":{},"branchMap":{},"s":{"0":0,"1":0,"2":0,"3":0,"4":0,"5":0,"6":0,"7":0},"f":{},"b":{}}
,"/Users/isaac/Desktop/stack_o/stackoverflow/src/core/utils/logger.ts": {"path":"/Users/isaac/Desktop/stack_o/stackoverflow/src/core/utils/logger.ts","statementMap":{"0":{"start":{"line":1,"column":0},"end":{"line":1,"column":59}},"1":{"start":{"line":2,"column":0},"end":{"line":2,"column":48}},"2":{"start":{"line":4,"column":28},"end":{"line":4,"column":67}},"3":{"start":{"line":6,"column":15},"end":{"line":20,"column":2}},"4":{"start":{"line":44,"column":9},"end":{"line":44,"column":15}},"5":{"start":{"line":22,"column":0},"end":{"line":42,"column":null}},"6":{"start":{"line":23,"column":23},"end":{"line":30,"column":null}},"7":{"start":{"line":24,"column":39},"end":{"line":24,"column":44}},"8":{"start":{"line":24,"column":48},"end":{"line":24,"column":52}},"9":{"start":{"line":25,"column":30},"end":{"line":25,"column":49}},"10":{"start":{"line":27,"column":6},"end":{"line":29,"column":9}},"11":{"start":{"line":33,"column":2},"end":{"line":41,"column":4}}},"fnMap":{"0":{"name":"(anonymous_2)","decl":{"start":{"line":24,"column":4},"end":{"line":24,"column":5}},"loc":{"start":{"line":24,"column":54},"end":{"line":30,"column":5}}}},"branchMap":{"0":{"loc":{"start":{"line":22,"column":0},"end":{"line":42,"column":null}},"type":"if","locations":[{"start":{"line":22,"column":0},"end":{"line":42,"column":null}}]},"1":{"loc":{"start":{"line":28,"column":8},"end":{"line":28,"column":null}},"type":"cond-expr","locations":[{"start":{"line":28,"column":35},"end":{"line":28,"column":37}},{"start":{"line":28,"column":40},"end":{"line":28,"column":null}}]}},"s":{"0":1,"1":1,"2":1,"3":1,"4":1,"5":1,"6":1,"7":0,"8":0,"9":0,"10":0,"11":1},"f":{"0":0},"b":{"0":[1],"1":[0,0]}}
,"/Users/isaac/Desktop/stack_o/stackoverflow/src/core/utils/redis.ts": {"path":"/Users/isaac/Desktop/stack_o/stackoverflow/src/core/utils/redis.ts","statementMap":{"0":{"start":{"line":1,"column":0},"end":{"line":1,"column":29}},"1":{"start":{"line":3,"column":13},"end":{"line":6,"column":3}},"2":{"start":{"line":8,"column":0},"end":{"line":10,"column":3}},"3":{"start":{"line":9,"column":2},"end":{"line":9,"column":36}},"4":{"start":{"line":12,"column":0},"end":{"line":14,"column":3}},"5":{"start":{"line":13,"column":2},"end":{"line":13,"column":45}}},"fnMap":{"0":{"name":"(anonymous_1)","decl":{"start":{"line":8,"column":26},"end":{"line":8,"column":29}},"loc":{"start":{"line":8,"column":31},"end":{"line":10,"column":1}}},"1":{"name":"(anonymous_2)","decl":{"start":{"line":12,"column":24},"end":{"line":12,"column":25}},"loc":{"start":{"line":12,"column":37},"end":{"line":14,"column":1}}}},"branchMap":{},"s":{"0":0,"1":0,"2":0,"3":0,"4":0,"5":0},"f":{"0":0,"1":0},"b":{}}
,"/Users/isaac/Desktop/stack_o/stackoverflow/src/core/validations/answer.ts": {"path":"/Users/isaac/Desktop/stack_o/stackoverflow/src/core/validations/answer.ts","statementMap":{"0":{"start":{"line":1,"column":0},"end":{"line":1,"column":22}},"1":{"start":{"line":3,"column":0},"end":{"line":3,"column":48}},"2":{"start":{"line":5,"column":27},"end":{"line":5,"column":38}},"3":{"start":{"line":7,"column":38},"end":{"line":16,"column":1}},"4":{"start":{"line":10,"column":2},"end":{"line":15,"column":4}},"5":{"start":{"line":7,"column":13},"end":{"line":7,"column":38}}},"fnMap":{"0":{"name":"(anonymous_1)","decl":{"start":{"line":7,"column":38},"end":{"line":7,"column":39}},"loc":{"start":{"line":9,"column":28},"end":{"line":16,"column":1}}}},"branchMap":{},"s":{"0":0,"1":0,"2":0,"3":0,"4":0,"5":0},"f":{"0":0},"b":{}}
,"/Users/isaac/Desktop/stack_o/stackoverflow/src/core/validations/question.ts": {"path":"/Users/isaac/Desktop/stack_o/stackoverflow/src/core/validations/question.ts","statementMap":{"0":{"start":{"line":1,"column":0},"end":{"line":1,"column":48}},"1":{"start":{"line":3,"column":0},"end":{"line":3,"column":22}},"2":{"start":{"line":4,"column":0},"end":{"line":4,"column":44}},"3":{"start":{"line":5,"column":0},"end":{"line":5,"column":56}},"4":{"start":{"line":7,"column":40},"end":{"line":28,"column":1}},"5":{"start":{"line":10,"column":17},"end":{"line":14,"column":4}},"6":{"start":{"line":16,"column":17},"end":{"line":16,"column":45}},"7":{"start":{"line":18,"column":2},"end":{"line":25,"column":null}},"8":{"start":{"line":19,"column":26},"end":{"line":19,"column":59}},"9":{"start":{"line":20,"column":4},"end":{"line":24,"column":6}},"10":{"start":{"line":27,"column":2},"end":{"line":27,"column":41}},"11":{"start":{"line":7,"column":13},"end":{"line":7,"column":40}},"12":{"start":{"line":30,"column":39},"end":{"line":42,"column":1}},"13":{"start":{"line":33,"column":2},"end":{"line":41,"column":4}},"14":{"start":{"line":30,"column":13},"end":{"line":30,"column":39}},"15":{"start":{"line":44,"column":36},"end":{"line":53,"column":1}},"16":{"start":{"line":47,"column":2},"end":{"line":52,"column":4}},"17":{"start":{"line":44,"column":13},"end":{"line":44,"column":36}}},"fnMap":{"0":{"name":"(anonymous_1)","decl":{"start":{"line":7,"column":40},"end":{"line":7,"column":41}},"loc":{"start":{"line":9,"column":22},"end":{"line":28,"column":1}}},"1":{"name":"(anonymous_2)","decl":{"start":{"line":30,"column":39},"end":{"line":30,"column":40}},"loc":{"start":{"line":32,"column":27},"end":{"line":42,"column":1}}},"2":{"name":"(anonymous_3)","decl":{"start":{"line":44,"column":36},"end":{"line":44,"column":37}},"loc":{"start":{"line":46,"column":13},"end":{"line":53,"column":1}}}},"branchMap":{"0":{"loc":{"start":{"line":18,"column":2},"end":{"line":25,"column":null}},"type":"if","locations":[{"start":{"line":18,"column":2},"end":{"line":25,"column":null}}]}},"s":{"0":0,"1":0,"2":0,"3":0,"4":0,"5":0,"6":0,"7":0,"8":0,"9":0,"10":0,"11":0,"12":0,"13":0,"14":0,"15":0,"16":0,"17":0},"f":{"0":0,"1":0,"2":0},"b":{"0":[0]}}
,"/Users/isaac/Desktop/stack_o/stackoverflow/src/core/validations/search.ts": {"path":"/Users/isaac/Desktop/stack_o/stackoverflow/src/core/validations/search.ts","statementMap":{"0":{"start":{"line":1,"column":0},"end":{"line":1,"column":22}},"1":{"start":{"line":2,"column":0},"end":{"line":2,"column":48}},"2":{"start":{"line":5,"column":43},"end":{"line":17,"column":1}},"3":{"start":{"line":8,"column":2},"end":{"line":16,"column":4}},"4":{"start":{"line":5,"column":13},"end":{"line":5,"column":43}}},"fnMap":{"0":{"name":"(anonymous_1)","decl":{"start":{"line":5,"column":43},"end":{"line":5,"column":44}},"loc":{"start":{"line":7,"column":24},"end":{"line":17,"column":1}}}},"branchMap":{},"s":{"0":0,"1":0,"2":0,"3":0,"4":0},"f":{"0":0},"b":{}}
,"/Users/isaac/Desktop/stack_o/stackoverflow/src/core/validations/tag.ts": {"path":"/Users/isaac/Desktop/stack_o/stackoverflow/src/core/validations/tag.ts","statementMap":{"0":{"start":{"line":1,"column":0},"end":{"line":1,"column":22}},"1":{"start":{"line":3,"column":0},"end":{"line":3,"column":48}},"2":{"start":{"line":5,"column":27},"end":{"line":5,"column":38}},"3":{"start":{"line":7,"column":38},"end":{"line":16,"column":1}},"4":{"start":{"line":10,"column":2},"end":{"line":15,"column":4}},"5":{"start":{"line":7,"column":13},"end":{"line":7,"column":38}}},"fnMap":{"0":{"name":"(anonymous_1)","decl":{"start":{"line":7,"column":38},"end":{"line":7,"column":39}},"loc":{"start":{"line":9,"column":28},"end":{"line":16,"column":1}}}},"branchMap":{},"s":{"0":0,"1":0,"2":0,"3":0,"4":0,"5":0},"f":{"0":0},"b":{}}
,"/Users/isaac/Desktop/stack_o/stackoverflow/src/core/validations/userValidations.ts": {"path":"/Users/isaac/Desktop/stack_o/stackoverflow/src/core/validations/userValidations.ts","statementMap":{"0":{"start":{"line":1,"column":0},"end":{"line":1,"column":22}},"1":{"start":{"line":8,"column":0},"end":{"line":8,"column":48}},"2":{"start":{"line":10,"column":27},"end":{"line":10,"column":38}},"3":{"start":{"line":12,"column":40},"end":{"line":29,"column":1}},"4":{"start":{"line":15,"column":2},"end":{"line":28,"column":4}},"5":{"start":{"line":12,"column":13},"end":{"line":12,"column":40}},"6":{"start":{"line":31,"column":29},"end":{"line":41,"column":1}},"7":{"start":{"line":34,"column":2},"end":{"line":40,"column":4}},"8":{"start":{"line":31,"column":13},"end":{"line":31,"column":29}},"9":{"start":{"line":43,"column":41},"end":{"line":54,"column":1}},"10":{"start":{"line":46,"column":2},"end":{"line":53,"column":4}},"11":{"start":{"line":43,"column":13},"end":{"line":43,"column":41}},"12":{"start":{"line":56,"column":42},"end":{"line":65,"column":1}},"13":{"start":{"line":59,"column":2},"end":{"line":64,"column":4}},"14":{"start":{"line":56,"column":13},"end":{"line":56,"column":42}}},"fnMap":{"0":{"name":"(anonymous_1)","decl":{"start":{"line":12,"column":40},"end":{"line":12,"column":41}},"loc":{"start":{"line":14,"column":30},"end":{"line":29,"column":1}}},"1":{"name":"(anonymous_2)","decl":{"start":{"line":31,"column":29},"end":{"line":31,"column":30}},"loc":{"start":{"line":33,"column":23},"end":{"line":41,"column":1}}},"2":{"name":"(anonymous_3)","decl":{"start":{"line":43,"column":41},"end":{"line":43,"column":42}},"loc":{"start":{"line":45,"column":24},"end":{"line":54,"column":1}}},"3":{"name":"(anonymous_4)","decl":{"start":{"line":56,"column":42},"end":{"line":56,"column":43}},"loc":{"start":{"line":58,"column":25},"end":{"line":65,"column":1}}}},"branchMap":{},"s":{"0":0,"1":0,"2":0,"3":0,"4":0,"5":0,"6":0,"7":0,"8":0,"9":0,"10":0,"11":0,"12":0,"13":0,"14":0},"f":{"0":0,"1":0,"2":0,"3":0},"b":{}}
,"/Users/isaac/Desktop/stack_o/stackoverflow/src/core/validations/vote.ts": {"path":"/Users/isaac/Desktop/stack_o/stackoverflow/src/core/validations/vote.ts","statementMap":{"0":{"start":{"line":1,"column":0},"end":{"line":1,"column":22}},"1":{"start":{"line":2,"column":0},"end":{"line":2,"column":48}},"2":{"start":{"line":5,"column":27},"end":{"line":5,"column":38}},"3":{"start":{"line":7,"column":28},"end":{"line":16,"column":1}},"4":{"start":{"line":10,"column":2},"end":{"line":15,"column":4}},"5":{"start":{"line":7,"column":13},"end":{"line":7,"column":28}}},"fnMap":{"0":{"name":"(anonymous_1)","decl":{"start":{"line":7,"column":28},"end":{"line":7,"column":29}},"loc":{"start":{"line":9,"column":18},"end":{"line":16,"column":1}}}},"branchMap":{},"s":{"0":0,"1":0,"2":0,"3":0,"4":0,"5":0},"f":{"0":0},"b":{}}
}
